ARM GAS  C:\Users\Giovanni\AppData\Local\Temp\ccbvMCEv.s 			page 1


   1              		.syntax unified
   2              		.cpu cortex-m3
   3              		.fpu softvfp
   4              		.eabi_attribute 20, 1
   5              		.eabi_attribute 21, 1
   6              		.eabi_attribute 23, 3
   7              		.eabi_attribute 24, 1
   8              		.eabi_attribute 25, 1
   9              		.eabi_attribute 26, 1
  10              		.eabi_attribute 30, 1
  11              		.eabi_attribute 34, 1
  12              		.eabi_attribute 18, 4
  13              		.thumb
  14              		.syntax unified
  15              		.file	"InterruptRoutines.c"
  16              		.text
  17              	.Ltext0:
  18              		.cfi_sections	.debug_frame
  19              		.section	.text.Custom_ISR_Data,"ax",%progbits
  20              		.align	2
  21              		.global	Custom_ISR_Data
  22              		.thumb
  23              		.thumb_func
  24              		.type	Custom_ISR_Data, %function
  25              	Custom_ISR_Data:
  26              	.LFB64:
  27              		.file 1 "InterruptRoutines.c"
   1:InterruptRoutines.c **** 
   2:InterruptRoutines.c **** #include "InterruptRoutines.h"
   3:InterruptRoutines.c **** int16_t OutData;
   4:InterruptRoutines.c **** uint8_t Acc_Data[2];
   5:InterruptRoutines.c **** uint8_t ZYX_DA;
   6:InterruptRoutines.c **** uint8_t ZYX_OR;
   7:InterruptRoutines.c **** uint8_t status_reg;
   8:InterruptRoutines.c **** float g = 9.81;
   9:InterruptRoutines.c **** 
  10:InterruptRoutines.c **** CY_ISR(Custom_ISR_Data)
  11:InterruptRoutines.c **** {
  28              		.loc 1 11 0
  29              		.cfi_startproc
  30              		@ args = 0, pretend = 0, frame = 0
  31              		@ frame_needed = 0, uses_anonymous_args = 0
  32 0000 08B5     		push	{r3, lr}
  33              		.cfi_def_cfa_offset 8
  34              		.cfi_offset 3, -8
  35              		.cfi_offset 14, -4
  12:InterruptRoutines.c ****     
  13:InterruptRoutines.c ****     ErrorCode error = I2C_Peripheral_UReadRegister(LIS3DH_DEVICE_ADDRESS,
  36              		.loc 1 13 0
  37 0002 134A     		ldr	r2, .L5
  38 0004 2721     		movs	r1, #39
  39 0006 1820     		movs	r0, #24
  40 0008 FFF7FEFF 		bl	I2C_Peripheral_UReadRegister
  41              	.LVL0:
  14:InterruptRoutines.c ****                                                    LIS3DH_STATUS_REG,
  15:InterruptRoutines.c ****                                                    &status_reg);
  16:InterruptRoutines.c ****     if (error == NO_ERROR)
ARM GAS  C:\Users\Giovanni\AppData\Local\Temp\ccbvMCEv.s 			page 2


  42              		.loc 1 16 0
  43 000c F0B9     		cbnz	r0, .L1
  17:InterruptRoutines.c ****     { 
  18:InterruptRoutines.c ****         ZYX_DA = status_reg & (0b00001000); 
  44              		.loc 1 18 0
  45 000e 104B     		ldr	r3, .L5
  46 0010 1A78     		ldrb	r2, [r3]	@ zero_extendqisi2
  47 0012 02F00803 		and	r3, r2, #8
  48 0016 DBB2     		uxtb	r3, r3
  49 0018 0E49     		ldr	r1, .L5+4
  50 001a 0B70     		strb	r3, [r1]
  19:InterruptRoutines.c ****         ZYX_OR = status_reg &  (0b10000000);
  51              		.loc 1 19 0
  52 001c 22F07F02 		bic	r2, r2, #127
  53 0020 0D49     		ldr	r1, .L5+8
  54 0022 0A70     		strb	r2, [r1]
  20:InterruptRoutines.c ****  
  21:InterruptRoutines.c ****         if(ZYX_DA == LIS3DH_STATUS_REG_ZYX_DA_1)
  55              		.loc 1 21 0
  56 0024 93B1     		cbz	r3, .L1
  57              	.LBB2:
  22:InterruptRoutines.c ****         {
  23:InterruptRoutines.c ****             ErrorCode error = I2C_Peripheral_ReadRegisterMulti(LIS3DH_DEVICE_ADDRESS,
  58              		.loc 1 23 0
  59 0026 0D4B     		ldr	r3, .L5+12
  60 0028 0622     		movs	r2, #6
  61 002a 2821     		movs	r1, #40
  62 002c 1820     		movs	r0, #24
  63              	.LVL1:
  64 002e FFF7FEFF 		bl	I2C_Peripheral_ReadRegisterMulti
  65              	.LVL2:
  24:InterruptRoutines.c ****                                                                LIS3DH_OUT_X_L, 
  25:InterruptRoutines.c ****                                                                DATA_BUFFER_SIZE-2,
  26:InterruptRoutines.c ****                                                                &DataStream_XYZ[1]);        
  27:InterruptRoutines.c ****                  
  28:InterruptRoutines.c ****             if(error == NO_ERROR)
  66              		.loc 1 28 0
  67 0032 40B9     		cbnz	r0, .L3
  29:InterruptRoutines.c ****             {
  30:InterruptRoutines.c ****                 DataStream_XYZ[0] = 0xA0;
  68              		.loc 1 30 0
  69 0034 0A48     		ldr	r0, .L5+16
  70              	.LVL3:
  71 0036 A023     		movs	r3, #160
  72 0038 0370     		strb	r3, [r0]
  31:InterruptRoutines.c ****                 DataStream_XYZ[DATA_BUFFER_SIZE-1] = 0xC0;
  73              		.loc 1 31 0
  74 003a C023     		movs	r3, #192
  75 003c C371     		strb	r3, [r0, #7]
  32:InterruptRoutines.c ****                 UART_1_PutArray(DataStream_XYZ, DATA_BUFFER_SIZE);      
  76              		.loc 1 32 0
  77 003e 0821     		movs	r1, #8
  78 0040 FFF7FEFF 		bl	UART_1_PutArray
  79              	.LVL4:
  80 0044 08BD     		pop	{r3, pc}
  81              	.LVL5:
  82              	.L3:
ARM GAS  C:\Users\Giovanni\AppData\Local\Temp\ccbvMCEv.s 			page 3


  33:InterruptRoutines.c ****             }
  34:InterruptRoutines.c ****             else
  35:InterruptRoutines.c ****             {
  36:InterruptRoutines.c ****                 UART_1_PutString("Errore");
  83              		.loc 1 36 0
  84 0046 0748     		ldr	r0, .L5+20
  85              	.LVL6:
  86 0048 FFF7FEFF 		bl	UART_1_PutString
  87              	.LVL7:
  88              	.L1:
  89 004c 08BD     		pop	{r3, pc}
  90              	.L6:
  91 004e 00BF     		.align	2
  92              	.L5:
  93 0050 00000000 		.word	status_reg
  94 0054 00000000 		.word	ZYX_DA
  95 0058 00000000 		.word	ZYX_OR
  96 005c 01000000 		.word	DataStream_XYZ+1
  97 0060 00000000 		.word	DataStream_XYZ
  98 0064 00000000 		.word	.LC0
  99              	.LBE2:
 100              		.cfi_endproc
 101              	.LFE64:
 102              		.size	Custom_ISR_Data, .-Custom_ISR_Data
 103              		.global	g
 104              		.comm	status_reg,1,1
 105              		.comm	ZYX_OR,1,1
 106              		.comm	ZYX_DA,1,1
 107              		.comm	Acc_Data,2,4
 108              		.comm	OutData,2,2
 109              		.comm	DataStream_XYZ,8,4
 110              		.data
 111              		.align	2
 112              		.type	g, %object
 113              		.size	g, 4
 114              	g:
 115 0000 C3F51C41 		.word	1092416963
 116              		.section	.rodata.str1.4,"aMS",%progbits,1
 117              		.align	2
 118              	.LC0:
 119 0000 4572726F 		.ascii	"Errore\000"
 119      726500
 120              		.text
 121              	.Letext0:
 122              		.file 2 "d:\\programmi\\cypress\\psoc creator\\4.4\\psoc creator\\import\\gnu\\arm\\5.4.1\\arm-non
 123              		.file 3 "d:\\programmi\\cypress\\psoc creator\\4.4\\psoc creator\\import\\gnu\\arm\\5.4.1\\arm-non
 124              		.file 4 "ErrorCodes.h"
 125              		.file 5 "Generated_Source\\PSoC5/core_cm3.h"
 126              		.file 6 "InterruptRoutines.h"
 127              		.file 7 "I2C_Interface.h"
 128              		.file 8 "Generated_Source\\PSoC5/UART_1.h"
 129              		.section	.debug_info,"",%progbits
 130              	.Ldebug_info0:
 131 0000 79020000 		.4byte	0x279
 132 0004 0400     		.2byte	0x4
 133 0006 00000000 		.4byte	.Ldebug_abbrev0
 134 000a 04       		.byte	0x4
ARM GAS  C:\Users\Giovanni\AppData\Local\Temp\ccbvMCEv.s 			page 4


 135 000b 01       		.uleb128 0x1
 136 000c E8000000 		.4byte	.LASF35
 137 0010 0C       		.byte	0xc
 138 0011 BC020000 		.4byte	.LASF36
 139 0015 00000000 		.4byte	.LASF37
 140 0019 00000000 		.4byte	.Ldebug_ranges0+0
 141 001d 00000000 		.4byte	0
 142 0021 00000000 		.4byte	.Ldebug_line0
 143 0025 02       		.uleb128 0x2
 144 0026 01       		.byte	0x1
 145 0027 06       		.byte	0x6
 146 0028 9F020000 		.4byte	.LASF0
 147 002c 03       		.uleb128 0x3
 148 002d 9D000000 		.4byte	.LASF2
 149 0031 02       		.byte	0x2
 150 0032 1D       		.byte	0x1d
 151 0033 37000000 		.4byte	0x37
 152 0037 02       		.uleb128 0x2
 153 0038 01       		.byte	0x1
 154 0039 08       		.byte	0x8
 155 003a DA000000 		.4byte	.LASF1
 156 003e 03       		.uleb128 0x3
 157 003f 93000000 		.4byte	.LASF3
 158 0043 02       		.byte	0x2
 159 0044 29       		.byte	0x29
 160 0045 49000000 		.4byte	0x49
 161 0049 02       		.uleb128 0x2
 162 004a 02       		.byte	0x2
 163 004b 05       		.byte	0x5
 164 004c 7A020000 		.4byte	.LASF4
 165 0050 02       		.uleb128 0x2
 166 0051 02       		.byte	0x2
 167 0052 07       		.byte	0x7
 168 0053 96010000 		.4byte	.LASF5
 169 0057 03       		.uleb128 0x3
 170 0058 A7000000 		.4byte	.LASF6
 171 005c 02       		.byte	0x2
 172 005d 3F       		.byte	0x3f
 173 005e 62000000 		.4byte	0x62
 174 0062 02       		.uleb128 0x2
 175 0063 04       		.byte	0x4
 176 0064 05       		.byte	0x5
 177 0065 C1000000 		.4byte	.LASF7
 178 0069 02       		.uleb128 0x2
 179 006a 04       		.byte	0x4
 180 006b 07       		.byte	0x7
 181 006c 84010000 		.4byte	.LASF8
 182 0070 02       		.uleb128 0x2
 183 0071 08       		.byte	0x8
 184 0072 05       		.byte	0x5
 185 0073 67020000 		.4byte	.LASF9
 186 0077 02       		.uleb128 0x2
 187 0078 08       		.byte	0x8
 188 0079 07       		.byte	0x7
 189 007a 19020000 		.4byte	.LASF10
 190 007e 04       		.uleb128 0x4
 191 007f 04       		.byte	0x4
ARM GAS  C:\Users\Giovanni\AppData\Local\Temp\ccbvMCEv.s 			page 5


 192 0080 05       		.byte	0x5
 193 0081 696E7400 		.ascii	"int\000"
 194 0085 02       		.uleb128 0x2
 195 0086 04       		.byte	0x4
 196 0087 07       		.byte	0x7
 197 0088 0C020000 		.4byte	.LASF11
 198 008c 03       		.uleb128 0x3
 199 008d 30020000 		.4byte	.LASF12
 200 0091 03       		.byte	0x3
 201 0092 18       		.byte	0x18
 202 0093 2C000000 		.4byte	0x2c
 203 0097 03       		.uleb128 0x3
 204 0098 38020000 		.4byte	.LASF13
 205 009c 03       		.byte	0x3
 206 009d 20       		.byte	0x20
 207 009e 3E000000 		.4byte	0x3e
 208 00a2 03       		.uleb128 0x3
 209 00a3 50020000 		.4byte	.LASF14
 210 00a7 03       		.byte	0x3
 211 00a8 2C       		.byte	0x2c
 212 00a9 57000000 		.4byte	0x57
 213 00ad 02       		.uleb128 0x2
 214 00ae 04       		.byte	0x4
 215 00af 04       		.byte	0x4
 216 00b0 D4000000 		.4byte	.LASF15
 217 00b4 02       		.uleb128 0x2
 218 00b5 08       		.byte	0x8
 219 00b6 04       		.byte	0x4
 220 00b7 CE010000 		.4byte	.LASF16
 221 00bb 02       		.uleb128 0x2
 222 00bc 01       		.byte	0x1
 223 00bd 08       		.byte	0x8
 224 00be 75020000 		.4byte	.LASF17
 225 00c2 05       		.uleb128 0x5
 226 00c3 01       		.byte	0x1
 227 00c4 37000000 		.4byte	0x37
 228 00c8 04       		.byte	0x4
 229 00c9 15       		.byte	0x15
 230 00ca DB000000 		.4byte	0xdb
 231 00ce 06       		.uleb128 0x6
 232 00cf 84020000 		.4byte	.LASF18
 233 00d3 00       		.byte	0
 234 00d4 06       		.uleb128 0x6
 235 00d5 8D020000 		.4byte	.LASF19
 236 00d9 01       		.byte	0x1
 237 00da 00       		.byte	0
 238 00db 03       		.uleb128 0x3
 239 00dc CA000000 		.4byte	.LASF20
 240 00e0 04       		.byte	0x4
 241 00e1 18       		.byte	0x18
 242 00e2 C2000000 		.4byte	0xc2
 243 00e6 02       		.uleb128 0x2
 244 00e7 08       		.byte	0x8
 245 00e8 04       		.byte	0x4
 246 00e9 93020000 		.4byte	.LASF21
 247 00ed 02       		.uleb128 0x2
 248 00ee 04       		.byte	0x4
ARM GAS  C:\Users\Giovanni\AppData\Local\Temp\ccbvMCEv.s 			page 6


 249 00ef 07       		.byte	0x7
 250 00f0 58020000 		.4byte	.LASF22
 251 00f4 07       		.uleb128 0x7
 252 00f5 B1000000 		.4byte	.LASF38
 253 00f9 01       		.byte	0x1
 254 00fa 0A       		.byte	0xa
 255 00fb 00000000 		.4byte	.LFB64
 256 00ff 68000000 		.4byte	.LFE64-.LFB64
 257 0103 01       		.uleb128 0x1
 258 0104 9C       		.byte	0x9c
 259 0105 AA010000 		.4byte	0x1aa
 260 0109 08       		.uleb128 0x8
 261 010a 61020000 		.4byte	.LASF23
 262 010e 01       		.byte	0x1
 263 010f 0D       		.byte	0xd
 264 0110 DB000000 		.4byte	0xdb
 265 0114 00000000 		.4byte	.LLST0
 266 0118 09       		.uleb128 0x9
 267 0119 26000000 		.4byte	.LBB2
 268 011d 42000000 		.4byte	.LBE2-.LBB2
 269 0121 8B010000 		.4byte	0x18b
 270 0125 08       		.uleb128 0x8
 271 0126 61020000 		.4byte	.LASF23
 272 012a 01       		.byte	0x1
 273 012b 17       		.byte	0x17
 274 012c DB000000 		.4byte	0xdb
 275 0130 13000000 		.4byte	.LLST1
 276 0134 0A       		.uleb128 0xa
 277 0135 32000000 		.4byte	.LVL2
 278 0139 50020000 		.4byte	0x250
 279 013d 5B010000 		.4byte	0x15b
 280 0141 0B       		.uleb128 0xb
 281 0142 01       		.uleb128 0x1
 282 0143 50       		.byte	0x50
 283 0144 01       		.uleb128 0x1
 284 0145 48       		.byte	0x48
 285 0146 0B       		.uleb128 0xb
 286 0147 01       		.uleb128 0x1
 287 0148 51       		.byte	0x51
 288 0149 02       		.uleb128 0x2
 289 014a 08       		.byte	0x8
 290 014b 28       		.byte	0x28
 291 014c 0B       		.uleb128 0xb
 292 014d 01       		.uleb128 0x1
 293 014e 52       		.byte	0x52
 294 014f 01       		.uleb128 0x1
 295 0150 36       		.byte	0x36
 296 0151 0B       		.uleb128 0xb
 297 0152 01       		.uleb128 0x1
 298 0153 53       		.byte	0x53
 299 0154 05       		.uleb128 0x5
 300 0155 03       		.byte	0x3
 301 0156 01000000 		.4byte	DataStream_XYZ+1
 302 015a 00       		.byte	0
 303 015b 0A       		.uleb128 0xa
 304 015c 44000000 		.4byte	.LVL4
 305 0160 5B020000 		.4byte	0x25b
ARM GAS  C:\Users\Giovanni\AppData\Local\Temp\ccbvMCEv.s 			page 7


 306 0164 77010000 		.4byte	0x177
 307 0168 0B       		.uleb128 0xb
 308 0169 01       		.uleb128 0x1
 309 016a 50       		.byte	0x50
 310 016b 05       		.uleb128 0x5
 311 016c 03       		.byte	0x3
 312 016d 00000000 		.4byte	DataStream_XYZ
 313 0171 0B       		.uleb128 0xb
 314 0172 01       		.uleb128 0x1
 315 0173 51       		.byte	0x51
 316 0174 01       		.uleb128 0x1
 317 0175 38       		.byte	0x38
 318 0176 00       		.byte	0
 319 0177 0C       		.uleb128 0xc
 320 0178 4C000000 		.4byte	.LVL7
 321 017c 66020000 		.4byte	0x266
 322 0180 0B       		.uleb128 0xb
 323 0181 01       		.uleb128 0x1
 324 0182 50       		.byte	0x50
 325 0183 05       		.uleb128 0x5
 326 0184 03       		.byte	0x3
 327 0185 00000000 		.4byte	.LC0
 328 0189 00       		.byte	0
 329 018a 00       		.byte	0
 330 018b 0C       		.uleb128 0xc
 331 018c 0C000000 		.4byte	.LVL0
 332 0190 71020000 		.4byte	0x271
 333 0194 0B       		.uleb128 0xb
 334 0195 01       		.uleb128 0x1
 335 0196 50       		.byte	0x50
 336 0197 01       		.uleb128 0x1
 337 0198 48       		.byte	0x48
 338 0199 0B       		.uleb128 0xb
 339 019a 01       		.uleb128 0x1
 340 019b 51       		.byte	0x51
 341 019c 02       		.uleb128 0x2
 342 019d 08       		.byte	0x8
 343 019e 27       		.byte	0x27
 344 019f 0B       		.uleb128 0xb
 345 01a0 01       		.uleb128 0x1
 346 01a1 52       		.byte	0x52
 347 01a2 05       		.uleb128 0x5
 348 01a3 03       		.byte	0x3
 349 01a4 00000000 		.4byte	status_reg
 350 01a8 00       		.byte	0
 351 01a9 00       		.byte	0
 352 01aa 0D       		.uleb128 0xd
 353 01ab FF010000 		.4byte	.LASF24
 354 01af 05       		.byte	0x5
 355 01b0 1207     		.2byte	0x712
 356 01b2 B6010000 		.4byte	0x1b6
 357 01b6 0E       		.uleb128 0xe
 358 01b7 A2000000 		.4byte	0xa2
 359 01bb 0F       		.uleb128 0xf
 360 01bc 8C000000 		.4byte	0x8c
 361 01c0 CB010000 		.4byte	0x1cb
 362 01c4 10       		.uleb128 0x10
ARM GAS  C:\Users\Giovanni\AppData\Local\Temp\ccbvMCEv.s 			page 8


 363 01c5 ED000000 		.4byte	0xed
 364 01c9 07       		.byte	0x7
 365 01ca 00       		.byte	0
 366 01cb 11       		.uleb128 0x11
 367 01cc 79000000 		.4byte	.LASF25
 368 01d0 06       		.byte	0x6
 369 01d1 0F       		.byte	0xf
 370 01d2 BB010000 		.4byte	0x1bb
 371 01d6 05       		.uleb128 0x5
 372 01d7 03       		.byte	0x3
 373 01d8 00000000 		.4byte	DataStream_XYZ
 374 01dc 11       		.uleb128 0x11
 375 01dd A9010000 		.4byte	.LASF26
 376 01e1 01       		.byte	0x1
 377 01e2 03       		.byte	0x3
 378 01e3 97000000 		.4byte	0x97
 379 01e7 05       		.uleb128 0x5
 380 01e8 03       		.byte	0x3
 381 01e9 00000000 		.4byte	OutData
 382 01ed 0F       		.uleb128 0xf
 383 01ee 8C000000 		.4byte	0x8c
 384 01f2 FD010000 		.4byte	0x1fd
 385 01f6 10       		.uleb128 0x10
 386 01f7 ED000000 		.4byte	0xed
 387 01fb 01       		.byte	0x1
 388 01fc 00       		.byte	0
 389 01fd 11       		.uleb128 0x11
 390 01fe F6010000 		.4byte	.LASF27
 391 0202 01       		.byte	0x1
 392 0203 04       		.byte	0x4
 393 0204 ED010000 		.4byte	0x1ed
 394 0208 05       		.uleb128 0x5
 395 0209 03       		.byte	0x3
 396 020a 00000000 		.4byte	Acc_Data
 397 020e 11       		.uleb128 0x11
 398 020f 76010000 		.4byte	.LASF28
 399 0213 01       		.byte	0x1
 400 0214 05       		.byte	0x5
 401 0215 8C000000 		.4byte	0x8c
 402 0219 05       		.uleb128 0x5
 403 021a 03       		.byte	0x3
 404 021b 00000000 		.4byte	ZYX_DA
 405 021f 11       		.uleb128 0x11
 406 0220 7D010000 		.4byte	.LASF29
 407 0224 01       		.byte	0x1
 408 0225 06       		.byte	0x6
 409 0226 8C000000 		.4byte	0x8c
 410 022a 05       		.uleb128 0x5
 411 022b 03       		.byte	0x3
 412 022c 00000000 		.4byte	ZYX_OR
 413 0230 11       		.uleb128 0x11
 414 0231 88000000 		.4byte	.LASF30
 415 0235 01       		.byte	0x1
 416 0236 07       		.byte	0x7
 417 0237 8C000000 		.4byte	0x8c
 418 023b 05       		.uleb128 0x5
 419 023c 03       		.byte	0x3
ARM GAS  C:\Users\Giovanni\AppData\Local\Temp\ccbvMCEv.s 			page 9


 420 023d 00000000 		.4byte	status_reg
 421 0241 12       		.uleb128 0x12
 422 0242 6700     		.ascii	"g\000"
 423 0244 01       		.byte	0x1
 424 0245 08       		.byte	0x8
 425 0246 AD000000 		.4byte	0xad
 426 024a 05       		.uleb128 0x5
 427 024b 03       		.byte	0x3
 428 024c 00000000 		.4byte	g
 429 0250 13       		.uleb128 0x13
 430 0251 D5010000 		.4byte	.LASF31
 431 0255 D5010000 		.4byte	.LASF31
 432 0259 07       		.byte	0x7
 433 025a 39       		.byte	0x39
 434 025b 13       		.uleb128 0x13
 435 025c 40020000 		.4byte	.LASF32
 436 0260 40020000 		.4byte	.LASF32
 437 0264 08       		.byte	0x8
 438 0265 8C       		.byte	0x8c
 439 0266 13       		.uleb128 0x13
 440 0267 AB020000 		.4byte	.LASF33
 441 026b AB020000 		.4byte	.LASF33
 442 026f 08       		.byte	0x8
 443 0270 8B       		.byte	0x8b
 444 0271 13       		.uleb128 0x13
 445 0272 B1010000 		.4byte	.LASF34
 446 0276 B1010000 		.4byte	.LASF34
 447 027a 07       		.byte	0x7
 448 027b 2C       		.byte	0x2c
 449 027c 00       		.byte	0
 450              		.section	.debug_abbrev,"",%progbits
 451              	.Ldebug_abbrev0:
 452 0000 01       		.uleb128 0x1
 453 0001 11       		.uleb128 0x11
 454 0002 01       		.byte	0x1
 455 0003 25       		.uleb128 0x25
 456 0004 0E       		.uleb128 0xe
 457 0005 13       		.uleb128 0x13
 458 0006 0B       		.uleb128 0xb
 459 0007 03       		.uleb128 0x3
 460 0008 0E       		.uleb128 0xe
 461 0009 1B       		.uleb128 0x1b
 462 000a 0E       		.uleb128 0xe
 463 000b 55       		.uleb128 0x55
 464 000c 17       		.uleb128 0x17
 465 000d 11       		.uleb128 0x11
 466 000e 01       		.uleb128 0x1
 467 000f 10       		.uleb128 0x10
 468 0010 17       		.uleb128 0x17
 469 0011 00       		.byte	0
 470 0012 00       		.byte	0
 471 0013 02       		.uleb128 0x2
 472 0014 24       		.uleb128 0x24
 473 0015 00       		.byte	0
 474 0016 0B       		.uleb128 0xb
 475 0017 0B       		.uleb128 0xb
 476 0018 3E       		.uleb128 0x3e
ARM GAS  C:\Users\Giovanni\AppData\Local\Temp\ccbvMCEv.s 			page 10


 477 0019 0B       		.uleb128 0xb
 478 001a 03       		.uleb128 0x3
 479 001b 0E       		.uleb128 0xe
 480 001c 00       		.byte	0
 481 001d 00       		.byte	0
 482 001e 03       		.uleb128 0x3
 483 001f 16       		.uleb128 0x16
 484 0020 00       		.byte	0
 485 0021 03       		.uleb128 0x3
 486 0022 0E       		.uleb128 0xe
 487 0023 3A       		.uleb128 0x3a
 488 0024 0B       		.uleb128 0xb
 489 0025 3B       		.uleb128 0x3b
 490 0026 0B       		.uleb128 0xb
 491 0027 49       		.uleb128 0x49
 492 0028 13       		.uleb128 0x13
 493 0029 00       		.byte	0
 494 002a 00       		.byte	0
 495 002b 04       		.uleb128 0x4
 496 002c 24       		.uleb128 0x24
 497 002d 00       		.byte	0
 498 002e 0B       		.uleb128 0xb
 499 002f 0B       		.uleb128 0xb
 500 0030 3E       		.uleb128 0x3e
 501 0031 0B       		.uleb128 0xb
 502 0032 03       		.uleb128 0x3
 503 0033 08       		.uleb128 0x8
 504 0034 00       		.byte	0
 505 0035 00       		.byte	0
 506 0036 05       		.uleb128 0x5
 507 0037 04       		.uleb128 0x4
 508 0038 01       		.byte	0x1
 509 0039 0B       		.uleb128 0xb
 510 003a 0B       		.uleb128 0xb
 511 003b 49       		.uleb128 0x49
 512 003c 13       		.uleb128 0x13
 513 003d 3A       		.uleb128 0x3a
 514 003e 0B       		.uleb128 0xb
 515 003f 3B       		.uleb128 0x3b
 516 0040 0B       		.uleb128 0xb
 517 0041 01       		.uleb128 0x1
 518 0042 13       		.uleb128 0x13
 519 0043 00       		.byte	0
 520 0044 00       		.byte	0
 521 0045 06       		.uleb128 0x6
 522 0046 28       		.uleb128 0x28
 523 0047 00       		.byte	0
 524 0048 03       		.uleb128 0x3
 525 0049 0E       		.uleb128 0xe
 526 004a 1C       		.uleb128 0x1c
 527 004b 0B       		.uleb128 0xb
 528 004c 00       		.byte	0
 529 004d 00       		.byte	0
 530 004e 07       		.uleb128 0x7
 531 004f 2E       		.uleb128 0x2e
 532 0050 01       		.byte	0x1
 533 0051 3F       		.uleb128 0x3f
ARM GAS  C:\Users\Giovanni\AppData\Local\Temp\ccbvMCEv.s 			page 11


 534 0052 19       		.uleb128 0x19
 535 0053 03       		.uleb128 0x3
 536 0054 0E       		.uleb128 0xe
 537 0055 3A       		.uleb128 0x3a
 538 0056 0B       		.uleb128 0xb
 539 0057 3B       		.uleb128 0x3b
 540 0058 0B       		.uleb128 0xb
 541 0059 27       		.uleb128 0x27
 542 005a 19       		.uleb128 0x19
 543 005b 11       		.uleb128 0x11
 544 005c 01       		.uleb128 0x1
 545 005d 12       		.uleb128 0x12
 546 005e 06       		.uleb128 0x6
 547 005f 40       		.uleb128 0x40
 548 0060 18       		.uleb128 0x18
 549 0061 9742     		.uleb128 0x2117
 550 0063 19       		.uleb128 0x19
 551 0064 01       		.uleb128 0x1
 552 0065 13       		.uleb128 0x13
 553 0066 00       		.byte	0
 554 0067 00       		.byte	0
 555 0068 08       		.uleb128 0x8
 556 0069 34       		.uleb128 0x34
 557 006a 00       		.byte	0
 558 006b 03       		.uleb128 0x3
 559 006c 0E       		.uleb128 0xe
 560 006d 3A       		.uleb128 0x3a
 561 006e 0B       		.uleb128 0xb
 562 006f 3B       		.uleb128 0x3b
 563 0070 0B       		.uleb128 0xb
 564 0071 49       		.uleb128 0x49
 565 0072 13       		.uleb128 0x13
 566 0073 02       		.uleb128 0x2
 567 0074 17       		.uleb128 0x17
 568 0075 00       		.byte	0
 569 0076 00       		.byte	0
 570 0077 09       		.uleb128 0x9
 571 0078 0B       		.uleb128 0xb
 572 0079 01       		.byte	0x1
 573 007a 11       		.uleb128 0x11
 574 007b 01       		.uleb128 0x1
 575 007c 12       		.uleb128 0x12
 576 007d 06       		.uleb128 0x6
 577 007e 01       		.uleb128 0x1
 578 007f 13       		.uleb128 0x13
 579 0080 00       		.byte	0
 580 0081 00       		.byte	0
 581 0082 0A       		.uleb128 0xa
 582 0083 898201   		.uleb128 0x4109
 583 0086 01       		.byte	0x1
 584 0087 11       		.uleb128 0x11
 585 0088 01       		.uleb128 0x1
 586 0089 31       		.uleb128 0x31
 587 008a 13       		.uleb128 0x13
 588 008b 01       		.uleb128 0x1
 589 008c 13       		.uleb128 0x13
 590 008d 00       		.byte	0
ARM GAS  C:\Users\Giovanni\AppData\Local\Temp\ccbvMCEv.s 			page 12


 591 008e 00       		.byte	0
 592 008f 0B       		.uleb128 0xb
 593 0090 8A8201   		.uleb128 0x410a
 594 0093 00       		.byte	0
 595 0094 02       		.uleb128 0x2
 596 0095 18       		.uleb128 0x18
 597 0096 9142     		.uleb128 0x2111
 598 0098 18       		.uleb128 0x18
 599 0099 00       		.byte	0
 600 009a 00       		.byte	0
 601 009b 0C       		.uleb128 0xc
 602 009c 898201   		.uleb128 0x4109
 603 009f 01       		.byte	0x1
 604 00a0 11       		.uleb128 0x11
 605 00a1 01       		.uleb128 0x1
 606 00a2 31       		.uleb128 0x31
 607 00a3 13       		.uleb128 0x13
 608 00a4 00       		.byte	0
 609 00a5 00       		.byte	0
 610 00a6 0D       		.uleb128 0xd
 611 00a7 34       		.uleb128 0x34
 612 00a8 00       		.byte	0
 613 00a9 03       		.uleb128 0x3
 614 00aa 0E       		.uleb128 0xe
 615 00ab 3A       		.uleb128 0x3a
 616 00ac 0B       		.uleb128 0xb
 617 00ad 3B       		.uleb128 0x3b
 618 00ae 05       		.uleb128 0x5
 619 00af 49       		.uleb128 0x49
 620 00b0 13       		.uleb128 0x13
 621 00b1 3F       		.uleb128 0x3f
 622 00b2 19       		.uleb128 0x19
 623 00b3 3C       		.uleb128 0x3c
 624 00b4 19       		.uleb128 0x19
 625 00b5 00       		.byte	0
 626 00b6 00       		.byte	0
 627 00b7 0E       		.uleb128 0xe
 628 00b8 35       		.uleb128 0x35
 629 00b9 00       		.byte	0
 630 00ba 49       		.uleb128 0x49
 631 00bb 13       		.uleb128 0x13
 632 00bc 00       		.byte	0
 633 00bd 00       		.byte	0
 634 00be 0F       		.uleb128 0xf
 635 00bf 01       		.uleb128 0x1
 636 00c0 01       		.byte	0x1
 637 00c1 49       		.uleb128 0x49
 638 00c2 13       		.uleb128 0x13
 639 00c3 01       		.uleb128 0x1
 640 00c4 13       		.uleb128 0x13
 641 00c5 00       		.byte	0
 642 00c6 00       		.byte	0
 643 00c7 10       		.uleb128 0x10
 644 00c8 21       		.uleb128 0x21
 645 00c9 00       		.byte	0
 646 00ca 49       		.uleb128 0x49
 647 00cb 13       		.uleb128 0x13
ARM GAS  C:\Users\Giovanni\AppData\Local\Temp\ccbvMCEv.s 			page 13


 648 00cc 2F       		.uleb128 0x2f
 649 00cd 0B       		.uleb128 0xb
 650 00ce 00       		.byte	0
 651 00cf 00       		.byte	0
 652 00d0 11       		.uleb128 0x11
 653 00d1 34       		.uleb128 0x34
 654 00d2 00       		.byte	0
 655 00d3 03       		.uleb128 0x3
 656 00d4 0E       		.uleb128 0xe
 657 00d5 3A       		.uleb128 0x3a
 658 00d6 0B       		.uleb128 0xb
 659 00d7 3B       		.uleb128 0x3b
 660 00d8 0B       		.uleb128 0xb
 661 00d9 49       		.uleb128 0x49
 662 00da 13       		.uleb128 0x13
 663 00db 3F       		.uleb128 0x3f
 664 00dc 19       		.uleb128 0x19
 665 00dd 02       		.uleb128 0x2
 666 00de 18       		.uleb128 0x18
 667 00df 00       		.byte	0
 668 00e0 00       		.byte	0
 669 00e1 12       		.uleb128 0x12
 670 00e2 34       		.uleb128 0x34
 671 00e3 00       		.byte	0
 672 00e4 03       		.uleb128 0x3
 673 00e5 08       		.uleb128 0x8
 674 00e6 3A       		.uleb128 0x3a
 675 00e7 0B       		.uleb128 0xb
 676 00e8 3B       		.uleb128 0x3b
 677 00e9 0B       		.uleb128 0xb
 678 00ea 49       		.uleb128 0x49
 679 00eb 13       		.uleb128 0x13
 680 00ec 3F       		.uleb128 0x3f
 681 00ed 19       		.uleb128 0x19
 682 00ee 02       		.uleb128 0x2
 683 00ef 18       		.uleb128 0x18
 684 00f0 00       		.byte	0
 685 00f1 00       		.byte	0
 686 00f2 13       		.uleb128 0x13
 687 00f3 2E       		.uleb128 0x2e
 688 00f4 00       		.byte	0
 689 00f5 3F       		.uleb128 0x3f
 690 00f6 19       		.uleb128 0x19
 691 00f7 3C       		.uleb128 0x3c
 692 00f8 19       		.uleb128 0x19
 693 00f9 6E       		.uleb128 0x6e
 694 00fa 0E       		.uleb128 0xe
 695 00fb 03       		.uleb128 0x3
 696 00fc 0E       		.uleb128 0xe
 697 00fd 3A       		.uleb128 0x3a
 698 00fe 0B       		.uleb128 0xb
 699 00ff 3B       		.uleb128 0x3b
 700 0100 0B       		.uleb128 0xb
 701 0101 00       		.byte	0
 702 0102 00       		.byte	0
 703 0103 00       		.byte	0
 704              		.section	.debug_loc,"",%progbits
ARM GAS  C:\Users\Giovanni\AppData\Local\Temp\ccbvMCEv.s 			page 14


 705              	.Ldebug_loc0:
 706              	.LLST0:
 707 0000 0C000000 		.4byte	.LVL0
 708 0004 2E000000 		.4byte	.LVL1
 709 0008 0100     		.2byte	0x1
 710 000a 50       		.byte	0x50
 711 000b 00000000 		.4byte	0
 712 000f 00000000 		.4byte	0
 713              	.LLST1:
 714 0013 32000000 		.4byte	.LVL2
 715 0017 36000000 		.4byte	.LVL3
 716 001b 0100     		.2byte	0x1
 717 001d 50       		.byte	0x50
 718 001e 46000000 		.4byte	.LVL5
 719 0022 48000000 		.4byte	.LVL6
 720 0026 0100     		.2byte	0x1
 721 0028 50       		.byte	0x50
 722 0029 00000000 		.4byte	0
 723 002d 00000000 		.4byte	0
 724              		.section	.debug_aranges,"",%progbits
 725 0000 1C000000 		.4byte	0x1c
 726 0004 0200     		.2byte	0x2
 727 0006 00000000 		.4byte	.Ldebug_info0
 728 000a 04       		.byte	0x4
 729 000b 00       		.byte	0
 730 000c 0000     		.2byte	0
 731 000e 0000     		.2byte	0
 732 0010 00000000 		.4byte	.LFB64
 733 0014 68000000 		.4byte	.LFE64-.LFB64
 734 0018 00000000 		.4byte	0
 735 001c 00000000 		.4byte	0
 736              		.section	.debug_ranges,"",%progbits
 737              	.Ldebug_ranges0:
 738 0000 00000000 		.4byte	.LFB64
 739 0004 68000000 		.4byte	.LFE64
 740 0008 00000000 		.4byte	0
 741 000c 00000000 		.4byte	0
 742              		.section	.debug_line,"",%progbits
 743              	.Ldebug_line0:
 744 0000 9D010000 		.section	.debug_str,"MS",%progbits,1
 744      02007E01 
 744      00000201 
 744      FB0E0D00 
 744      01010101 
 745              	.LASF37:
 746 0000 433A5C55 		.ascii	"C:\\Users\\Giovanni\\Desktop\\AY2324_II_Project-1\\"
 746      73657273 
 746      5C47696F 
 746      76616E6E 
 746      695C4465 
 747 002e 50536F43 		.ascii	"PSoC_CODE\\GatheringData\\06-Read_ACC_Data_BCP.cyds"
 747      5F434F44 
 747      455C4761 
 747      74686572 
 747      696E6744 
 748 005f 6E5C5265 		.ascii	"n\\Read_Acc_Data_XYZ.cydsn\000"
 748      61645F41 
ARM GAS  C:\Users\Giovanni\AppData\Local\Temp\ccbvMCEv.s 			page 15


 748      63635F44 
 748      6174615F 
 748      58595A2E 
 749              	.LASF25:
 750 0079 44617461 		.ascii	"DataStream_XYZ\000"
 750      53747265 
 750      616D5F58 
 750      595A00
 751              	.LASF30:
 752 0088 73746174 		.ascii	"status_reg\000"
 752      75735F72 
 752      656700
 753              	.LASF3:
 754 0093 5F5F696E 		.ascii	"__int16_t\000"
 754      7431365F 
 754      7400
 755              	.LASF2:
 756 009d 5F5F7569 		.ascii	"__uint8_t\000"
 756      6E74385F 
 756      7400
 757              	.LASF6:
 758 00a7 5F5F696E 		.ascii	"__int32_t\000"
 758      7433325F 
 758      7400
 759              	.LASF38:
 760 00b1 43757374 		.ascii	"Custom_ISR_Data\000"
 760      6F6D5F49 
 760      53525F44 
 760      61746100 
 761              	.LASF7:
 762 00c1 6C6F6E67 		.ascii	"long int\000"
 762      20696E74 
 762      00
 763              	.LASF20:
 764 00ca 4572726F 		.ascii	"ErrorCode\000"
 764      72436F64 
 764      6500
 765              	.LASF15:
 766 00d4 666C6F61 		.ascii	"float\000"
 766      7400
 767              	.LASF1:
 768 00da 756E7369 		.ascii	"unsigned char\000"
 768      676E6564 
 768      20636861 
 768      7200
 769              	.LASF35:
 770 00e8 474E5520 		.ascii	"GNU C11 5.4.1 20160609 (release) [ARM/embedded-5-br"
 770      43313120 
 770      352E342E 
 770      31203230 
 770      31363036 
 771 011b 616E6368 		.ascii	"anch revision 237715] -mcpu=cortex-m3 -mthumb -g -O"
 771      20726576 
 771      6973696F 
 771      6E203233 
 771      37373135 
 772 014e 67202D66 		.ascii	"g -ffunction-sections -ffat-lto-objects\000"
ARM GAS  C:\Users\Giovanni\AppData\Local\Temp\ccbvMCEv.s 			page 16


 772      66756E63 
 772      74696F6E 
 772      2D736563 
 772      74696F6E 
 773              	.LASF28:
 774 0176 5A59585F 		.ascii	"ZYX_DA\000"
 774      444100
 775              	.LASF29:
 776 017d 5A59585F 		.ascii	"ZYX_OR\000"
 776      4F5200
 777              	.LASF8:
 778 0184 6C6F6E67 		.ascii	"long unsigned int\000"
 778      20756E73 
 778      69676E65 
 778      6420696E 
 778      7400
 779              	.LASF5:
 780 0196 73686F72 		.ascii	"short unsigned int\000"
 780      7420756E 
 780      7369676E 
 780      65642069 
 780      6E7400
 781              	.LASF26:
 782 01a9 4F757444 		.ascii	"OutData\000"
 782      61746100 
 783              	.LASF34:
 784 01b1 4932435F 		.ascii	"I2C_Peripheral_UReadRegister\000"
 784      50657269 
 784      70686572 
 784      616C5F55 
 784      52656164 
 785              	.LASF16:
 786 01ce 646F7562 		.ascii	"double\000"
 786      6C6500
 787              	.LASF31:
 788 01d5 4932435F 		.ascii	"I2C_Peripheral_ReadRegisterMulti\000"
 788      50657269 
 788      70686572 
 788      616C5F52 
 788      65616452 
 789              	.LASF27:
 790 01f6 4163635F 		.ascii	"Acc_Data\000"
 790      44617461 
 790      00
 791              	.LASF24:
 792 01ff 49544D5F 		.ascii	"ITM_RxBuffer\000"
 792      52784275 
 792      66666572 
 792      00
 793              	.LASF11:
 794 020c 756E7369 		.ascii	"unsigned int\000"
 794      676E6564 
 794      20696E74 
 794      00
 795              	.LASF10:
 796 0219 6C6F6E67 		.ascii	"long long unsigned int\000"
 796      206C6F6E 
ARM GAS  C:\Users\Giovanni\AppData\Local\Temp\ccbvMCEv.s 			page 17


 796      6720756E 
 796      7369676E 
 796      65642069 
 797              	.LASF12:
 798 0230 75696E74 		.ascii	"uint8_t\000"
 798      385F7400 
 799              	.LASF13:
 800 0238 696E7431 		.ascii	"int16_t\000"
 800      365F7400 
 801              	.LASF32:
 802 0240 55415254 		.ascii	"UART_1_PutArray\000"
 802      5F315F50 
 802      75744172 
 802      72617900 
 803              	.LASF14:
 804 0250 696E7433 		.ascii	"int32_t\000"
 804      325F7400 
 805              	.LASF22:
 806 0258 73697A65 		.ascii	"sizetype\000"
 806      74797065 
 806      00
 807              	.LASF23:
 808 0261 6572726F 		.ascii	"error\000"
 808      7200
 809              	.LASF9:
 810 0267 6C6F6E67 		.ascii	"long long int\000"
 810      206C6F6E 
 810      6720696E 
 810      7400
 811              	.LASF17:
 812 0275 63686172 		.ascii	"char\000"
 812      00
 813              	.LASF4:
 814 027a 73686F72 		.ascii	"short int\000"
 814      7420696E 
 814      7400
 815              	.LASF18:
 816 0284 4E4F5F45 		.ascii	"NO_ERROR\000"
 816      52524F52 
 816      00
 817              	.LASF19:
 818 028d 4552524F 		.ascii	"ERROR\000"
 818      5200
 819              	.LASF21:
 820 0293 6C6F6E67 		.ascii	"long double\000"
 820      20646F75 
 820      626C6500 
 821              	.LASF0:
 822 029f 7369676E 		.ascii	"signed char\000"
 822      65642063 
 822      68617200 
 823              	.LASF33:
 824 02ab 55415254 		.ascii	"UART_1_PutString\000"
 824      5F315F50 
 824      75745374 
 824      72696E67 
 824      00
ARM GAS  C:\Users\Giovanni\AppData\Local\Temp\ccbvMCEv.s 			page 18


 825              	.LASF36:
 826 02bc 496E7465 		.ascii	"InterruptRoutines.c\000"
 826      72727570 
 826      74526F75 
 826      74696E65 
 826      732E6300 
 827              		.ident	"GCC: (GNU Tools for ARM Embedded Processors) 5.4.1 20160609 (release) [ARM/embedded-5-bran
