ARM GAS  C:\Users\Giovanni\AppData\Local\Temp\ccyzttq0.s 			page 1


   1              		.syntax unified
   2              		.cpu cortex-m3
   3              		.fpu softvfp
   4              		.eabi_attribute 20, 1
   5              		.eabi_attribute 21, 1
   6              		.eabi_attribute 23, 3
   7              		.eabi_attribute 24, 1
   8              		.eabi_attribute 25, 1
   9              		.eabi_attribute 26, 1
  10              		.eabi_attribute 30, 1
  11              		.eabi_attribute 34, 1
  12              		.eabi_attribute 18, 4
  13              		.thumb
  14              		.syntax unified
  15              		.file	"cymetadata.c"
  16              		.text
  17              	.Ltext0:
  18              		.cfi_sections	.debug_frame
  19              		.global	cy_metadata
  20              		.global	cy_meta_flashprotect
  21              		.global	cy_meta_wonvl
  22              		.global	cy_meta_custnvl
  23              		.global	cy_meta_configecc
  24              		.section	.cyconfigecc,"a",%progbits
  25              		.align	2
  26              		.type	cy_meta_configecc, %object
  27              		.size	cy_meta_configecc, 1200
  28              	cy_meta_configecc:
  29 0000 01       		.byte	1
  30 0001 45       		.byte	69
  31 0002 00       		.byte	0
  32 0003 40       		.byte	64
  33 0004 01       		.byte	1
  34 0005 64       		.byte	100
  35 0006 00       		.byte	0
  36 0007 40       		.byte	64
  37 0008 03       		.byte	3
  38 0009 65       		.byte	101
  39 000a 00       		.byte	0
  40 000b 40       		.byte	64
  41 000c 52       		.byte	82
  42 000d 08       		.byte	8
  43 000e 01       		.byte	1
  44 000f 40       		.byte	64
  45 0010 32       		.byte	50
  46 0011 09       		.byte	9
  47 0012 01       		.byte	1
  48 0013 40       		.byte	64
  49 0014 05       		.byte	5
  50 0015 15       		.byte	21
  51 0016 01       		.byte	1
  52 0017 40       		.byte	64
  53 0018 01       		.byte	1
  54 0019 17       		.byte	23
  55 001a 01       		.byte	1
  56 001b 40       		.byte	64
  57 001c 4E       		.byte	78
ARM GAS  C:\Users\Giovanni\AppData\Local\Temp\ccyzttq0.s 			page 2


  58 001d 18       		.byte	24
  59 001e 01       		.byte	1
  60 001f 40       		.byte	64
  61 0020 49       		.byte	73
  62 0021 19       		.byte	25
  63 0022 01       		.byte	1
  64 0023 40       		.byte	64
  65 0024 5E       		.byte	94
  66 0025 1A       		.byte	26
  67 0026 01       		.byte	1
  68 0027 40       		.byte	64
  69 0028 50       		.byte	80
  70 0029 1B       		.byte	27
  71 002a 01       		.byte	1
  72 002b 40       		.byte	64
  73 002c 02       		.byte	2
  74 002d 40       		.byte	64
  75 002e 01       		.byte	1
  76 002f 40       		.byte	64
  77 0030 03       		.byte	3
  78 0031 41       		.byte	65
  79 0032 01       		.byte	1
  80 0033 40       		.byte	64
  81 0034 04       		.byte	4
  82 0035 42       		.byte	66
  83 0036 01       		.byte	1
  84 0037 40       		.byte	64
  85 0038 03       		.byte	3
  86 0039 43       		.byte	67
  87 003a 01       		.byte	1
  88 003b 40       		.byte	64
  89 003c 04       		.byte	4
  90 003d 48       		.byte	72
  91 003e 01       		.byte	1
  92 003f 40       		.byte	64
  93 0040 13       		.byte	19
  94 0041 49       		.byte	73
  95 0042 01       		.byte	1
  96 0043 40       		.byte	64
  97 0044 07       		.byte	7
  98 0045 4C       		.byte	76
  99 0046 01       		.byte	1
 100 0047 40       		.byte	64
 101 0048 10       		.byte	16
 102 0049 4D       		.byte	77
 103 004a 01       		.byte	1
 104 004b 40       		.byte	64
 105 004c 04       		.byte	4
 106 004d 50       		.byte	80
 107 004e 01       		.byte	1
 108 004f 40       		.byte	64
 109 0050 02       		.byte	2
 110 0051 51       		.byte	81
 111 0052 01       		.byte	1
 112 0053 40       		.byte	64
 113 0054 12       		.byte	18
 114 0055 01       		.byte	1
ARM GAS  C:\Users\Giovanni\AppData\Local\Temp\ccyzttq0.s 			page 3


 115 0056 89       		.byte	-119
 116 0057 0D       		.byte	13
 117 0058 89       		.byte	-119
 118 0059 72       		.byte	114
 119 005a 8A       		.byte	-118
 120 005b 38       		.byte	56
 121 005c 8B       		.byte	-117
 122 005d 0F       		.byte	15
 123 005e 04       		.byte	4
 124 005f 30       		.byte	48
 125 0060 06       		.byte	6
 126 0061 0A       		.byte	10
 127 0062 08       		.byte	8
 128 0063 02       		.byte	2
 129 0064 0A       		.byte	10
 130 0065 18       		.byte	24
 131 0066 16       		.byte	22
 132 0067 30       		.byte	48
 133 0068 1A       		.byte	26
 134 0069 10       		.byte	16
 135 006a 1C       		.byte	28
 136 006b 01       		.byte	1
 137 006c 20       		.byte	32
 138 006d 04       		.byte	4
 139 006e 22       		.byte	34
 140 006f 08       		.byte	8
 141 0070 24       		.byte	36
 142 0071 01       		.byte	1
 143 0072 28       		.byte	40
 144 0073 01       		.byte	1
 145 0074 2C       		.byte	44
 146 0075 02       		.byte	2
 147 0076 2E       		.byte	46
 148 0077 28       		.byte	40
 149 0078 32       		.byte	50
 150 0079 06       		.byte	6
 151 007a 34       		.byte	52
 152 007b 38       		.byte	56
 153 007c 36       		.byte	54
 154 007d 01       		.byte	1
 155 007e 38       		.byte	56
 156 007f 08       		.byte	8
 157 0080 3A       		.byte	58
 158 0081 20       		.byte	32
 159 0082 58       		.byte	88
 160 0083 04       		.byte	4
 161 0084 5F       		.byte	95
 162 0085 01       		.byte	1
 163 0086 81       		.byte	-127
 164 0087 3C       		.byte	60
 165 0088 83       		.byte	-125
 166 0089 42       		.byte	66
 167 008a 85       		.byte	-123
 168 008b 7F       		.byte	127
 169 008c 86       		.byte	-122
 170 008d 04       		.byte	4
 171 008e 89       		.byte	-119
ARM GAS  C:\Users\Giovanni\AppData\Local\Temp\ccyzttq0.s 			page 4


 172 008f 67       		.byte	103
 173 0090 8A       		.byte	-118
 174 0091 02       		.byte	2
 175 0092 8B       		.byte	-117
 176 0093 18       		.byte	24
 177 0094 8D       		.byte	-115
 178 0095 3C       		.byte	60
 179 0096 8E       		.byte	-114
 180 0097 01       		.byte	1
 181 0098 8F       		.byte	-113
 182 0099 41       		.byte	65
 183 009a 92       		.byte	-110
 184 009b 01       		.byte	1
 185 009c 94       		.byte	-108
 186 009d 01       		.byte	1
 187 009e 95       		.byte	-107
 188 009f 18       		.byte	24
 189 00a0 99       		.byte	-103
 190 00a1 08       		.byte	8
 191 00a2 9D       		.byte	-99
 192 00a3 10       		.byte	16
 193 00a4 9E       		.byte	-98
 194 00a5 08       		.byte	8
 195 00a6 A2       		.byte	-94
 196 00a7 04       		.byte	4
 197 00a8 A3       		.byte	-93
 198 00a9 43       		.byte	67
 199 00aa A5       		.byte	-91
 200 00ab 04       		.byte	4
 201 00ac A6       		.byte	-90
 202 00ad 08       		.byte	8
 203 00ae A8       		.byte	-88
 204 00af 01       		.byte	1
 205 00b0 AB       		.byte	-85
 206 00b1 04       		.byte	4
 207 00b2 AE       		.byte	-82
 208 00b3 02       		.byte	2
 209 00b4 B0       		.byte	-80
 210 00b5 04       		.byte	4
 211 00b6 B1       		.byte	-79
 212 00b7 58       		.byte	88
 213 00b8 B2       		.byte	-78
 214 00b9 01       		.byte	1
 215 00ba B4       		.byte	-76
 216 00bb 02       		.byte	2
 217 00bc B5       		.byte	-75
 218 00bd 20       		.byte	32
 219 00be B6       		.byte	-74
 220 00bf 08       		.byte	8
 221 00c0 B7       		.byte	-73
 222 00c1 1F       		.byte	31
 223 00c2 B8       		.byte	-72
 224 00c3 08       		.byte	8
 225 00c4 BB       		.byte	-69
 226 00c5 8A       		.byte	-118
 227 00c6 BE       		.byte	-66
 228 00c7 51       		.byte	81
ARM GAS  C:\Users\Giovanni\AppData\Local\Temp\ccyzttq0.s 			page 5


 229 00c8 BF       		.byte	-65
 230 00c9 10       		.byte	16
 231 00ca C0       		.byte	-64
 232 00cb 10       		.byte	16
 233 00cc C1       		.byte	-63
 234 00cd 06       		.byte	6
 235 00ce C5       		.byte	-59
 236 00cf D2       		.byte	-46
 237 00d0 C6       		.byte	-58
 238 00d1 01       		.byte	1
 239 00d2 C8       		.byte	-56
 240 00d3 07       		.byte	7
 241 00d4 C9       		.byte	-55
 242 00d5 FF       		.byte	-1
 243 00d6 CA       		.byte	-54
 244 00d7 FF       		.byte	-1
 245 00d8 CB       		.byte	-53
 246 00d9 FF       		.byte	-1
 247 00da CD       		.byte	-51
 248 00db A0       		.byte	-96
 249 00dc CF       		.byte	-49
 250 00dd 04       		.byte	4
 251 00de D0       		.byte	-48
 252 00df 18       		.byte	24
 253 00e0 D2       		.byte	-46
 254 00e1 80       		.byte	-128
 255 00e2 D4       		.byte	-44
 256 00e3 05       		.byte	5
 257 00e4 D8       		.byte	-40
 258 00e5 04       		.byte	4
 259 00e6 D9       		.byte	-39
 260 00e7 04       		.byte	4
 261 00e8 DA       		.byte	-38
 262 00e9 04       		.byte	4
 263 00ea DB       		.byte	-37
 264 00eb 04       		.byte	4
 265 00ec DD       		.byte	-35
 266 00ed 11       		.byte	17
 267 00ee DF       		.byte	-33
 268 00ef 01       		.byte	1
 269 00f0 E0       		.byte	-32
 270 00f1 40       		.byte	64
 271 00f2 E2       		.byte	-30
 272 00f3 C0       		.byte	-64
 273 00f4 E4       		.byte	-28
 274 00f5 40       		.byte	64
 275 00f6 E5       		.byte	-27
 276 00f7 40       		.byte	64
 277 00f8 E6       		.byte	-26
 278 00f9 C0       		.byte	-64
 279 00fa E8       		.byte	-24
 280 00fb C0       		.byte	-64
 281 00fc EA       		.byte	-22
 282 00fd C0       		.byte	-64
 283 00fe EC       		.byte	-20
 284 00ff C0       		.byte	-64
 285 0100 EE       		.byte	-18
ARM GAS  C:\Users\Giovanni\AppData\Local\Temp\ccyzttq0.s 			page 6


 286 0101 C0       		.byte	-64
 287 0102 00       		.byte	0
 288 0103 40       		.byte	64
 289 0104 01       		.byte	1
 290 0105 08       		.byte	8
 291 0106 03       		.byte	3
 292 0107 08       		.byte	8
 293 0108 05       		.byte	5
 294 0109 14       		.byte	20
 295 010a 09       		.byte	9
 296 010b 08       		.byte	8
 297 010c 0A       		.byte	10
 298 010d 81       		.byte	-127
 299 010e 0D       		.byte	13
 300 010f 40       		.byte	64
 301 0110 0E       		.byte	14
 302 0111 20       		.byte	32
 303 0112 0F       		.byte	15
 304 0113 08       		.byte	8
 305 0114 12       		.byte	18
 306 0115 A2       		.byte	-94
 307 0116 13       		.byte	19
 308 0117 10       		.byte	16
 309 0118 15       		.byte	21
 310 0119 14       		.byte	20
 311 011a 17       		.byte	23
 312 011b 41       		.byte	65
 313 011c 18       		.byte	24
 314 011d 04       		.byte	4
 315 011e 19       		.byte	25
 316 011f 80       		.byte	-128
 317 0120 1B       		.byte	27
 318 0121 09       		.byte	9
 319 0122 1D       		.byte	29
 320 0123 10       		.byte	16
 321 0124 1E       		.byte	30
 322 0125 22       		.byte	34
 323 0126 1F       		.byte	31
 324 0127 80       		.byte	-128
 325 0128 20       		.byte	32
 326 0129 40       		.byte	64
 327 012a 21       		.byte	33
 328 012b 0C       		.byte	12
 329 012c 22       		.byte	34
 330 012d 58       		.byte	88
 331 012e 23       		.byte	35
 332 012f 01       		.byte	1
 333 0130 28       		.byte	40
 334 0131 20       		.byte	32
 335 0132 2A       		.byte	42
 336 0133 20       		.byte	32
 337 0134 2B       		.byte	43
 338 0135 80       		.byte	-128
 339 0136 30       		.byte	48
 340 0137 A8       		.byte	-88
 341 0138 38       		.byte	56
 342 0139 40       		.byte	64
ARM GAS  C:\Users\Giovanni\AppData\Local\Temp\ccyzttq0.s 			page 7


 343 013a 39       		.byte	57
 344 013b 28       		.byte	40
 345 013c 3B       		.byte	59
 346 013d 11       		.byte	17
 347 013e 42       		.byte	66
 348 013f 01       		.byte	1
 349 0140 49       		.byte	73
 350 0141 01       		.byte	1
 351 0142 4A       		.byte	74
 352 0143 20       		.byte	32
 353 0144 4B       		.byte	75
 354 0145 20       		.byte	32
 355 0146 53       		.byte	83
 356 0147 40       		.byte	64
 357 0148 59       		.byte	89
 358 0149 01       		.byte	1
 359 014a 5A       		.byte	90
 360 014b 40       		.byte	64
 361 014c 5B       		.byte	91
 362 014d 08       		.byte	8
 363 014e 73       		.byte	115
 364 014f 80       		.byte	-128
 365 0150 7E       		.byte	126
 366 0151 20       		.byte	32
 367 0152 7F       		.byte	127
 368 0153 10       		.byte	16
 369 0154 C0       		.byte	-64
 370 0155 67       		.byte	103
 371 0156 C2       		.byte	-62
 372 0157 ED       		.byte	-19
 373 0158 C4       		.byte	-60
 374 0159 FF       		.byte	-1
 375 015a CA       		.byte	-54
 376 015b 07       		.byte	7
 377 015c CC       		.byte	-52
 378 015d 0E       		.byte	14
 379 015e CE       		.byte	-50
 380 015f 0F       		.byte	15
 381 0160 D0       		.byte	-48
 382 0161 08       		.byte	8
 383 0162 D2       		.byte	-46
 384 0163 04       		.byte	4
 385 0164 D6       		.byte	-42
 386 0165 0B       		.byte	11
 387 0166 E0       		.byte	-32
 388 0167 01       		.byte	1
 389 0168 E2       		.byte	-30
 390 0169 04       		.byte	4
 391 016a E6       		.byte	-26
 392 016b 11       		.byte	17
 393 016c E8       		.byte	-24
 394 016d 20       		.byte	32
 395 016e EA       		.byte	-22
 396 016f 01       		.byte	1
 397 0170 E2       		.byte	-30
 398 0171 10       		.byte	16
 399 0172 02       		.byte	2
ARM GAS  C:\Users\Giovanni\AppData\Local\Temp\ccyzttq0.s 			page 8


 400 0173 03       		.byte	3
 401 0174 04       		.byte	4
 402 0175 5C       		.byte	92
 403 0176 06       		.byte	6
 404 0177 02       		.byte	2
 405 0178 08       		.byte	8
 406 0179 6C       		.byte	108
 407 017a 0A       		.byte	10
 408 017b 11       		.byte	17
 409 017c 0D       		.byte	13
 410 017d 03       		.byte	3
 411 017e 0E       		.byte	14
 412 017f 20       		.byte	32
 413 0180 0F       		.byte	15
 414 0181 04       		.byte	4
 415 0182 14       		.byte	20
 416 0183 09       		.byte	9
 417 0184 15       		.byte	21
 418 0185 0A       		.byte	10
 419 0186 16       		.byte	22
 420 0187 10       		.byte	16
 421 0188 17       		.byte	23
 422 0189 04       		.byte	4
 423 018a 18       		.byte	24
 424 018b 10       		.byte	16
 425 018c 19       		.byte	25
 426 018d 03       		.byte	3
 427 018e 1B       		.byte	27
 428 018f 04       		.byte	4
 429 0190 1D       		.byte	29
 430 0191 03       		.byte	3
 431 0192 1F       		.byte	31
 432 0193 0C       		.byte	12
 433 0194 24       		.byte	36
 434 0195 14       		.byte	20
 435 0196 2B       		.byte	43
 436 0197 08       		.byte	8
 437 0198 2C       		.byte	44
 438 0199 70       		.byte	112
 439 019a 2E       		.byte	46
 440 019b 0C       		.byte	12
 441 019c 2F       		.byte	47
 442 019d 05       		.byte	5
 443 019e 30       		.byte	48
 444 019f 1F       		.byte	31
 445 01a0 31       		.byte	49
 446 01a1 0F       		.byte	15
 447 01a2 32       		.byte	50
 448 01a3 60       		.byte	96
 449 01a4 38       		.byte	56
 450 01a5 08       		.byte	8
 451 01a6 3B       		.byte	59
 452 01a7 02       		.byte	2
 453 01a8 3E       		.byte	62
 454 01a9 04       		.byte	4
 455 01aa 40       		.byte	64
 456 01ab 15       		.byte	21
ARM GAS  C:\Users\Giovanni\AppData\Local\Temp\ccyzttq0.s 			page 9


 457 01ac 41       		.byte	65
 458 01ad 03       		.byte	3
 459 01ae 46       		.byte	70
 460 01af BC       		.byte	-68
 461 01b0 47       		.byte	71
 462 01b1 E0       		.byte	-32
 463 01b2 48       		.byte	72
 464 01b3 2C       		.byte	44
 465 01b4 49       		.byte	73
 466 01b5 FF       		.byte	-1
 467 01b6 4A       		.byte	74
 468 01b7 FF       		.byte	-1
 469 01b8 4B       		.byte	75
 470 01b9 FF       		.byte	-1
 471 01ba 4E       		.byte	78
 472 01bb F0       		.byte	-16
 473 01bc 4F       		.byte	79
 474 01bd 44       		.byte	68
 475 01be 50       		.byte	80
 476 01bf 0C       		.byte	12
 477 01c0 58       		.byte	88
 478 01c1 04       		.byte	4
 479 01c2 59       		.byte	89
 480 01c3 04       		.byte	4
 481 01c4 5A       		.byte	90
 482 01c5 04       		.byte	4
 483 01c6 5F       		.byte	95
 484 01c7 01       		.byte	1
 485 01c8 66       		.byte	102
 486 01c9 C0       		.byte	-64
 487 01ca 6A       		.byte	106
 488 01cb 40       		.byte	64
 489 01cc 6B       		.byte	107
 490 01cd 02       		.byte	2
 491 01ce 81       		.byte	-127
 492 01cf 1C       		.byte	28
 493 01d0 83       		.byte	-125
 494 01d1 63       		.byte	99
 495 01d2 85       		.byte	-123
 496 01d3 0C       		.byte	12
 497 01d4 89       		.byte	-119
 498 01d5 04       		.byte	4
 499 01d6 8D       		.byte	-115
 500 01d7 0F       		.byte	15
 501 01d8 8F       		.byte	-113
 502 01d9 70       		.byte	112
 503 01da 91       		.byte	-111
 504 01db 42       		.byte	66
 505 01dc 95       		.byte	-107
 506 01dd 7F       		.byte	127
 507 01de 99       		.byte	-103
 508 01df 73       		.byte	115
 509 01e0 9B       		.byte	-101
 510 01e1 0C       		.byte	12
 511 01e2 9D       		.byte	-99
 512 01e3 08       		.byte	8
 513 01e4 9E       		.byte	-98
ARM GAS  C:\Users\Giovanni\AppData\Local\Temp\ccyzttq0.s 			page 10


 514 01e5 01       		.byte	1
 515 01e6 A1       		.byte	-95
 516 01e7 63       		.byte	99
 517 01e8 A5       		.byte	-91
 518 01e9 21       		.byte	33
 519 01ea A6       		.byte	-90
 520 01eb 01       		.byte	1
 521 01ec A7       		.byte	-89
 522 01ed 80       		.byte	-128
 523 01ee AE       		.byte	-82
 524 01ef 02       		.byte	2
 525 01f0 AF       		.byte	-81
 526 01f1 73       		.byte	115
 527 01f2 B1       		.byte	-79
 528 01f3 60       		.byte	96
 529 01f4 B2       		.byte	-78
 530 01f5 01       		.byte	1
 531 01f6 B3       		.byte	-77
 532 01f7 80       		.byte	-128
 533 01f8 B5       		.byte	-75
 534 01f9 0F       		.byte	15
 535 01fa B6       		.byte	-74
 536 01fb 02       		.byte	2
 537 01fc B7       		.byte	-73
 538 01fd 1C       		.byte	28
 539 01fe BB       		.byte	-69
 540 01ff 20       		.byte	32
 541 0200 D6       		.byte	-42
 542 0201 02       		.byte	2
 543 0202 D7       		.byte	-41
 544 0203 11       		.byte	17
 545 0204 D8       		.byte	-40
 546 0205 04       		.byte	4
 547 0206 D9       		.byte	-39
 548 0207 04       		.byte	4
 549 0208 DB       		.byte	-37
 550 0209 04       		.byte	4
 551 020a DC       		.byte	-36
 552 020b 01       		.byte	1
 553 020c DF       		.byte	-33
 554 020d 01       		.byte	1
 555 020e 05       		.byte	5
 556 020f 95       		.byte	-107
 557 0210 06       		.byte	6
 558 0211 01       		.byte	1
 559 0212 07       		.byte	7
 560 0213 05       		.byte	5
 561 0214 0A       		.byte	10
 562 0215 01       		.byte	1
 563 0216 0C       		.byte	12
 564 0217 04       		.byte	4
 565 0218 0E       		.byte	14
 566 0219 20       		.byte	32
 567 021a 0F       		.byte	15
 568 021b 08       		.byte	8
 569 021c 12       		.byte	18
 570 021d 20       		.byte	32
ARM GAS  C:\Users\Giovanni\AppData\Local\Temp\ccyzttq0.s 			page 11


 571 021e 13       		.byte	19
 572 021f 80       		.byte	-128
 573 0220 16       		.byte	22
 574 0221 10       		.byte	16
 575 0222 17       		.byte	23
 576 0223 40       		.byte	64
 577 0224 18       		.byte	24
 578 0225 10       		.byte	16
 579 0226 1A       		.byte	26
 580 0227 01       		.byte	1
 581 0228 1D       		.byte	29
 582 0229 09       		.byte	9
 583 022a 1F       		.byte	31
 584 022b 02       		.byte	2
 585 022c 21       		.byte	33
 586 022d 34       		.byte	52
 587 022e 22       		.byte	34
 588 022f 81       		.byte	-127
 589 0230 27       		.byte	39
 590 0231 40       		.byte	64
 591 0232 28       		.byte	40
 592 0233 21       		.byte	33
 593 0234 2B       		.byte	43
 594 0235 80       		.byte	-128
 595 0236 2C       		.byte	44
 596 0237 04       		.byte	4
 597 0238 2D       		.byte	45
 598 0239 80       		.byte	-128
 599 023a 30       		.byte	48
 600 023b 80       		.byte	-128
 601 023c 31       		.byte	49
 602 023d 22       		.byte	34
 603 023e 32       		.byte	50
 604 023f 08       		.byte	8
 605 0240 34       		.byte	52
 606 0241 01       		.byte	1
 607 0242 35       		.byte	53
 608 0243 14       		.byte	20
 609 0244 36       		.byte	54
 610 0245 01       		.byte	1
 611 0246 37       		.byte	55
 612 0247 40       		.byte	64
 613 0248 38       		.byte	56
 614 0249 68       		.byte	104
 615 024a 3B       		.byte	59
 616 024b 01       		.byte	1
 617 024c 3C       		.byte	60
 618 024d 80       		.byte	-128
 619 024e 41       		.byte	65
 620 024f 04       		.byte	4
 621 0250 42       		.byte	66
 622 0251 20       		.byte	32
 623 0252 47       		.byte	71
 624 0253 44       		.byte	68
 625 0254 4D       		.byte	77
 626 0255 80       		.byte	-128
 627 0256 54       		.byte	84
ARM GAS  C:\Users\Giovanni\AppData\Local\Temp\ccyzttq0.s 			page 12


 628 0257 40       		.byte	64
 629 0258 55       		.byte	85
 630 0259 01       		.byte	1
 631 025a 56       		.byte	86
 632 025b 50       		.byte	80
 633 025c 5A       		.byte	90
 634 025d 20       		.byte	32
 635 025e 69       		.byte	105
 636 025f 94       		.byte	-108
 637 0260 70       		.byte	112
 638 0261 BC       		.byte	-68
 639 0262 79       		.byte	121
 640 0263 02       		.byte	2
 641 0264 7A       		.byte	122
 642 0265 80       		.byte	-128
 643 0266 8C       		.byte	-116
 644 0267 10       		.byte	16
 645 0268 90       		.byte	-112
 646 0269 44       		.byte	68
 647 026a 92       		.byte	-110
 648 026b 20       		.byte	32
 649 026c 93       		.byte	-109
 650 026d 81       		.byte	-127
 651 026e 95       		.byte	-107
 652 026f B4       		.byte	-76
 653 0270 96       		.byte	-106
 654 0271 41       		.byte	65
 655 0272 99       		.byte	-103
 656 0273 10       		.byte	16
 657 0274 9B       		.byte	-101
 658 0275 80       		.byte	-128
 659 0276 9C       		.byte	-100
 660 0277 20       		.byte	32
 661 0278 9D       		.byte	-99
 662 0279 0C       		.byte	12
 663 027a 9E       		.byte	-98
 664 027b 20       		.byte	32
 665 027c 9F       		.byte	-97
 666 027d 41       		.byte	65
 667 027e A2       		.byte	-94
 668 027f 39       		.byte	57
 669 0280 A3       		.byte	-93
 670 0281 01       		.byte	1
 671 0282 A4       		.byte	-92
 672 0283 A8       		.byte	-88
 673 0284 A6       		.byte	-90
 674 0285 82       		.byte	-126
 675 0286 A7       		.byte	-89
 676 0287 04       		.byte	4
 677 0288 A9       		.byte	-87
 678 0289 80       		.byte	-128
 679 028a AB       		.byte	-85
 680 028b 08       		.byte	8
 681 028c C0       		.byte	-64
 682 028d F0       		.byte	-16
 683 028e C2       		.byte	-62
 684 028f 61       		.byte	97
ARM GAS  C:\Users\Giovanni\AppData\Local\Temp\ccyzttq0.s 			page 13


 685 0290 C4       		.byte	-60
 686 0291 A5       		.byte	-91
 687 0292 CA       		.byte	-54
 688 0293 3B       		.byte	59
 689 0294 CC       		.byte	-52
 690 0295 7F       		.byte	127
 691 0296 CE       		.byte	-50
 692 0297 1F       		.byte	31
 693 0298 D0       		.byte	-48
 694 0299 50       		.byte	80
 695 029a D2       		.byte	-46
 696 029b 10       		.byte	16
 697 029c D6       		.byte	-42
 698 029d 04       		.byte	4
 699 029e E2       		.byte	-30
 700 029f 10       		.byte	16
 701 02a0 01       		.byte	1
 702 02a1 04       		.byte	4
 703 02a2 03       		.byte	3
 704 02a3 0A       		.byte	10
 705 02a4 05       		.byte	5
 706 02a5 0C       		.byte	12
 707 02a6 08       		.byte	8
 708 02a7 01       		.byte	1
 709 02a8 09       		.byte	9
 710 02a9 0C       		.byte	12
 711 02aa 0C       		.byte	12
 712 02ab 04       		.byte	4
 713 02ac 11       		.byte	17
 714 02ad 08       		.byte	8
 715 02ae 12       		.byte	18
 716 02af 03       		.byte	3
 717 02b0 13       		.byte	19
 718 02b1 06       		.byte	6
 719 02b2 23       		.byte	35
 720 02b3 01       		.byte	1
 721 02b4 30       		.byte	48
 722 02b5 01       		.byte	1
 723 02b6 31       		.byte	49
 724 02b7 0C       		.byte	12
 725 02b8 32       		.byte	50
 726 02b9 02       		.byte	2
 727 02ba 34       		.byte	52
 728 02bb 04       		.byte	4
 729 02bc 37       		.byte	55
 730 02bd 03       		.byte	3
 731 02be 3E       		.byte	62
 732 02bf 10       		.byte	16
 733 02c0 3F       		.byte	63
 734 02c1 40       		.byte	64
 735 02c2 40       		.byte	64
 736 02c3 25       		.byte	37
 737 02c4 41       		.byte	65
 738 02c5 06       		.byte	6
 739 02c6 42       		.byte	66
 740 02c7 04       		.byte	4
 741 02c8 44       		.byte	68
ARM GAS  C:\Users\Giovanni\AppData\Local\Temp\ccyzttq0.s 			page 14


 742 02c9 01       		.byte	1
 743 02ca 45       		.byte	69
 744 02cb 0C       		.byte	12
 745 02cc 47       		.byte	71
 746 02cd E0       		.byte	-32
 747 02ce 48       		.byte	72
 748 02cf 21       		.byte	33
 749 02d0 49       		.byte	73
 750 02d1 FF       		.byte	-1
 751 02d2 4A       		.byte	74
 752 02d3 FF       		.byte	-1
 753 02d4 4B       		.byte	75
 754 02d5 FF       		.byte	-1
 755 02d6 4C       		.byte	76
 756 02d7 62       		.byte	98
 757 02d8 4D       		.byte	77
 758 02d9 A0       		.byte	-96
 759 02da 4E       		.byte	78
 760 02db F0       		.byte	-16
 761 02dc 4F       		.byte	79
 762 02dd 41       		.byte	65
 763 02de 50       		.byte	80
 764 02df 0C       		.byte	12
 765 02e0 54       		.byte	84
 766 02e1 18       		.byte	24
 767 02e2 56       		.byte	86
 768 02e3 04       		.byte	4
 769 02e4 58       		.byte	88
 770 02e5 04       		.byte	4
 771 02e6 59       		.byte	89
 772 02e7 04       		.byte	4
 773 02e8 5A       		.byte	90
 774 02e9 04       		.byte	4
 775 02ea 5B       		.byte	91
 776 02eb 04       		.byte	4
 777 02ec 5C       		.byte	92
 778 02ed 01       		.byte	1
 779 02ee 5F       		.byte	95
 780 02ef 01       		.byte	1
 781 02f0 66       		.byte	102
 782 02f1 40       		.byte	64
 783 02f2 67       		.byte	103
 784 02f3 02       		.byte	2
 785 02f4 69       		.byte	105
 786 02f5 10       		.byte	16
 787 02f6 6A       		.byte	106
 788 02f7 30       		.byte	48
 789 02f8 6B       		.byte	107
 790 02f9 10       		.byte	16
 791 02fa 6D       		.byte	109
 792 02fb 10       		.byte	16
 793 02fc 6E       		.byte	110
 794 02fd 10       		.byte	16
 795 02fe 6F       		.byte	111
 796 02ff 12       		.byte	18
 797 0300 80       		.byte	-128
 798 0301 40       		.byte	64
ARM GAS  C:\Users\Giovanni\AppData\Local\Temp\ccyzttq0.s 			page 15


 799 0302 81       		.byte	-127
 800 0303 01       		.byte	1
 801 0304 82       		.byte	-126
 802 0305 20       		.byte	32
 803 0306 84       		.byte	-124
 804 0307 0C       		.byte	12
 805 0308 86       		.byte	-122
 806 0309 13       		.byte	19
 807 030a 88       		.byte	-120
 808 030b 11       		.byte	17
 809 030c 8A       		.byte	-118
 810 030d 0E       		.byte	14
 811 030e 8E       		.byte	-114
 812 030f 13       		.byte	19
 813 0310 90       		.byte	-112
 814 0311 80       		.byte	-128
 815 0312 92       		.byte	-110
 816 0313 20       		.byte	32
 817 0314 96       		.byte	-106
 818 0315 0C       		.byte	12
 819 0316 9A       		.byte	-102
 820 0317 08       		.byte	8
 821 0318 9C       		.byte	-100
 822 0319 20       		.byte	32
 823 031a 9E       		.byte	-98
 824 031b C0       		.byte	-64
 825 031c A2       		.byte	-94
 826 031d 10       		.byte	16
 827 031e A4       		.byte	-92
 828 031f E0       		.byte	-32
 829 0320 A8       		.byte	-88
 830 0321 E0       		.byte	-32
 831 0322 AC       		.byte	-84
 832 0323 11       		.byte	17
 833 0324 AE       		.byte	-82
 834 0325 06       		.byte	6
 835 0326 B2       		.byte	-78
 836 0327 0F       		.byte	15
 837 0328 B4       		.byte	-76
 838 0329 10       		.byte	16
 839 032a B5       		.byte	-75
 840 032b 01       		.byte	1
 841 032c B6       		.byte	-74
 842 032d E0       		.byte	-32
 843 032e BA       		.byte	-70
 844 032f 08       		.byte	8
 845 0330 BE       		.byte	-66
 846 0331 10       		.byte	16
 847 0332 BF       		.byte	-65
 848 0333 10       		.byte	16
 849 0334 C0       		.byte	-64
 850 0335 03       		.byte	3
 851 0336 C7       		.byte	-57
 852 0337 04       		.byte	4
 853 0338 C9       		.byte	-55
 854 0339 FF       		.byte	-1
 855 033a CA       		.byte	-54
ARM GAS  C:\Users\Giovanni\AppData\Local\Temp\ccyzttq0.s 			page 16


 856 033b 07       		.byte	7
 857 033c CB       		.byte	-53
 858 033d FF       		.byte	-1
 859 033e CC       		.byte	-52
 860 033f 40       		.byte	64
 861 0340 CD       		.byte	-51
 862 0341 20       		.byte	32
 863 0342 CE       		.byte	-50
 864 0343 F0       		.byte	-16
 865 0344 CF       		.byte	-49
 866 0345 05       		.byte	5
 867 0346 D0       		.byte	-48
 868 0347 08       		.byte	8
 869 0348 D4       		.byte	-44
 870 0349 01       		.byte	1
 871 034a D8       		.byte	-40
 872 034b 04       		.byte	4
 873 034c D9       		.byte	-39
 874 034d 04       		.byte	4
 875 034e DA       		.byte	-38
 876 034f 04       		.byte	4
 877 0350 DB       		.byte	-37
 878 0351 04       		.byte	4
 879 0352 DF       		.byte	-33
 880 0353 01       		.byte	1
 881 0354 E0       		.byte	-32
 882 0355 40       		.byte	64
 883 0356 E1       		.byte	-31
 884 0357 A8       		.byte	-88
 885 0358 E2       		.byte	-30
 886 0359 40       		.byte	64
 887 035a E3       		.byte	-29
 888 035b 20       		.byte	32
 889 035c 00       		.byte	0
 890 035d 10       		.byte	16
 891 035e 03       		.byte	3
 892 035f 02       		.byte	2
 893 0360 04       		.byte	4
 894 0361 02       		.byte	2
 895 0362 05       		.byte	5
 896 0363 14       		.byte	20
 897 0364 06       		.byte	6
 898 0365 01       		.byte	1
 899 0366 0B       		.byte	11
 900 0367 80       		.byte	-128
 901 0368 0D       		.byte	13
 902 0369 02       		.byte	2
 903 036a 0E       		.byte	14
 904 036b 21       		.byte	33
 905 036c 0F       		.byte	15
 906 036d 08       		.byte	8
 907 036e 15       		.byte	21
 908 036f 14       		.byte	20
 909 0370 16       		.byte	22
 910 0371 40       		.byte	64
 911 0372 17       		.byte	23
 912 0373 40       		.byte	64
ARM GAS  C:\Users\Giovanni\AppData\Local\Temp\ccyzttq0.s 			page 17


 913 0374 18       		.byte	24
 914 0375 10       		.byte	16
 915 0376 1A       		.byte	26
 916 0377 40       		.byte	64
 917 0378 1B       		.byte	27
 918 0379 20       		.byte	32
 919 037a 1C       		.byte	28
 920 037b 08       		.byte	8
 921 037c 1D       		.byte	29
 922 037d 04       		.byte	4
 923 037e 1E       		.byte	30
 924 037f 01       		.byte	1
 925 0380 1F       		.byte	31
 926 0381 80       		.byte	-128
 927 0382 20       		.byte	32
 928 0383 01       		.byte	1
 929 0384 21       		.byte	33
 930 0385 02       		.byte	2
 931 0386 27       		.byte	39
 932 0387 08       		.byte	8
 933 0388 2B       		.byte	43
 934 0389 80       		.byte	-128
 935 038a 31       		.byte	49
 936 038b 02       		.byte	2
 937 038c 38       		.byte	56
 938 038d 02       		.byte	2
 939 038e 39       		.byte	57
 940 038f 14       		.byte	20
 941 0390 3D       		.byte	61
 942 0391 03       		.byte	3
 943 0392 40       		.byte	64
 944 0393 01       		.byte	1
 945 0394 41       		.byte	65
 946 0395 11       		.byte	17
 947 0396 45       		.byte	69
 948 0397 08       		.byte	8
 949 0398 49       		.byte	73
 950 0399 08       		.byte	8
 951 039a 4A       		.byte	74
 952 039b 09       		.byte	9
 953 039c 52       		.byte	82
 954 039d 02       		.byte	2
 955 039e 56       		.byte	86
 956 039f 01       		.byte	1
 957 03a0 57       		.byte	87
 958 03a1 04       		.byte	4
 959 03a2 5A       		.byte	90
 960 03a3 02       		.byte	2
 961 03a4 5C       		.byte	92
 962 03a5 80       		.byte	-128
 963 03a6 5D       		.byte	93
 964 03a7 01       		.byte	1
 965 03a8 5F       		.byte	95
 966 03a9 28       		.byte	40
 967 03aa 60       		.byte	96
 968 03ab 04       		.byte	4
 969 03ac 61       		.byte	97
ARM GAS  C:\Users\Giovanni\AppData\Local\Temp\ccyzttq0.s 			page 18


 970 03ad 01       		.byte	1
 971 03ae 63       		.byte	99
 972 03af 02       		.byte	2
 973 03b0 81       		.byte	-127
 974 03b1 01       		.byte	1
 975 03b2 83       		.byte	-125
 976 03b3 20       		.byte	32
 977 03b4 88       		.byte	-120
 978 03b5 C4       		.byte	-60
 979 03b6 8B       		.byte	-117
 980 03b7 20       		.byte	32
 981 03b8 8C       		.byte	-116
 982 03b9 21       		.byte	33
 983 03ba 90       		.byte	-112
 984 03bb 04       		.byte	4
 985 03bc 91       		.byte	-111
 986 03bd 36       		.byte	54
 987 03be 92       		.byte	-110
 988 03bf 02       		.byte	2
 989 03c0 93       		.byte	-109
 990 03c1 80       		.byte	-128
 991 03c2 96       		.byte	-106
 992 03c3 40       		.byte	64
 993 03c4 99       		.byte	-103
 994 03c5 10       		.byte	16
 995 03c6 9A       		.byte	-102
 996 03c7 40       		.byte	64
 997 03c8 9B       		.byte	-101
 998 03c9 40       		.byte	64
 999 03ca 9C       		.byte	-100
 1000 03cb 20       		.byte	32
 1001 03cc 9D       		.byte	-99
 1002 03cd 0C       		.byte	12
 1003 03ce 9E       		.byte	-98
 1004 03cf 01       		.byte	1
 1005 03d0 A0       		.byte	-96
 1006 03d1 40       		.byte	64
 1007 03d2 A1       		.byte	-95
 1008 03d3 09       		.byte	9
 1009 03d4 A2       		.byte	-94
 1010 03d5 19       		.byte	25
 1011 03d6 A3       		.byte	-93
 1012 03d7 03       		.byte	3
 1013 03d8 A5       		.byte	-91
 1014 03d9 02       		.byte	2
 1015 03da A6       		.byte	-90
 1016 03db 02       		.byte	2
 1017 03dc A7       		.byte	-89
 1018 03dd 84       		.byte	-124
 1019 03de C0       		.byte	-64
 1020 03df F3       		.byte	-13
 1021 03e0 C2       		.byte	-62
 1022 03e1 F8       		.byte	-8
 1023 03e2 C4       		.byte	-60
 1024 03e3 F0       		.byte	-16
 1025 03e4 CA       		.byte	-54
 1026 03e5 01       		.byte	1
ARM GAS  C:\Users\Giovanni\AppData\Local\Temp\ccyzttq0.s 			page 19


 1027 03e6 CC       		.byte	-52
 1028 03e7 01       		.byte	1
 1029 03e8 CE       		.byte	-50
 1030 03e9 87       		.byte	-121
 1031 03ea D0       		.byte	-48
 1032 03eb 4D       		.byte	77
 1033 03ec D2       		.byte	-46
 1034 03ed 0C       		.byte	12
 1035 03ee D6       		.byte	-42
 1036 03ef F1       		.byte	-15
 1037 03f0 D8       		.byte	-40
 1038 03f1 0D       		.byte	13
 1039 03f2 E0       		.byte	-32
 1040 03f3 01       		.byte	1
 1041 03f4 E4       		.byte	-28
 1042 03f5 04       		.byte	4
 1043 03f6 E6       		.byte	-26
 1044 03f7 11       		.byte	17
 1045 03f8 E8       		.byte	-24
 1046 03f9 20       		.byte	32
 1047 03fa EA       		.byte	-22
 1048 03fb 01       		.byte	1
 1049 03fc 30       		.byte	48
 1050 03fd 80       		.byte	-128
 1051 03fe CC       		.byte	-52
 1052 03ff 10       		.byte	16
 1053 0400 52       		.byte	82
 1054 0401 20       		.byte	32
 1055 0402 A4       		.byte	-92
 1056 0403 80       		.byte	-128
 1057 0404 D4       		.byte	-44
 1058 0405 20       		.byte	32
 1059 0406 3E       		.byte	62
 1060 0407 10       		.byte	16
 1061 0408 A4       		.byte	-92
 1062 0409 80       		.byte	-128
 1063 040a A6       		.byte	-90
 1064 040b 20       		.byte	32
 1065 040c CE       		.byte	-50
 1066 040d 20       		.byte	32
 1067 040e 96       		.byte	-106
 1068 040f 10       		.byte	16
 1069 0410 A4       		.byte	-92
 1070 0411 80       		.byte	-128
 1071 0412 A6       		.byte	-90
 1072 0413 20       		.byte	32
 1073 0414 8E       		.byte	-114
 1074 0415 20       		.byte	32
 1075 0416 96       		.byte	-106
 1076 0417 10       		.byte	16
 1077 0418 A4       		.byte	-92
 1078 0419 80       		.byte	-128
 1079 041a A6       		.byte	-90
 1080 041b 20       		.byte	32
 1081 041c 13       		.byte	19
 1082 041d 02       		.byte	2
 1083 041e 17       		.byte	23
ARM GAS  C:\Users\Giovanni\AppData\Local\Temp\ccyzttq0.s 			page 20


 1084 041f 04       		.byte	4
 1085 0420 71       		.byte	113
 1086 0421 04       		.byte	4
 1087 0422 74       		.byte	116
 1088 0423 08       		.byte	8
 1089 0424 80       		.byte	-128
 1090 0425 80       		.byte	-128
 1091 0426 81       		.byte	-127
 1092 0427 04       		.byte	4
 1093 0428 83       		.byte	-125
 1094 0429 04       		.byte	4
 1095 042a 8C       		.byte	-116
 1096 042b 08       		.byte	8
 1097 042c 9F       		.byte	-97
 1098 042d 02       		.byte	2
 1099 042e A4       		.byte	-92
 1100 042f 80       		.byte	-128
 1101 0430 AA       		.byte	-86
 1102 0431 10       		.byte	16
 1103 0432 B3       		.byte	-77
 1104 0433 02       		.byte	2
 1105 0434 C4       		.byte	-60
 1106 0435 30       		.byte	48
 1107 0436 DC       		.byte	-36
 1108 0437 80       		.byte	-128
 1109 0438 DE       		.byte	-34
 1110 0439 20       		.byte	32
 1111 043a E0       		.byte	-32
 1112 043b 80       		.byte	-128
 1113 043c E2       		.byte	-30
 1114 043d 20       		.byte	32
 1115 043e E6       		.byte	-26
 1116 043f 80       		.byte	-128
 1117 0440 EA       		.byte	-22
 1118 0441 80       		.byte	-128
 1119 0442 11       		.byte	17
 1120 0443 02       		.byte	2
 1121 0444 13       		.byte	19
 1122 0445 20       		.byte	32
 1123 0446 17       		.byte	23
 1124 0447 04       		.byte	4
 1125 0448 78       		.byte	120
 1126 0449 10       		.byte	16
 1127 044a 7D       		.byte	125
 1128 044b 20       		.byte	32
 1129 044c C4       		.byte	-60
 1130 044d 0E       		.byte	14
 1131 044e DE       		.byte	-34
 1132 044f 03       		.byte	3
 1133 0450 12       		.byte	18
 1134 0451 80       		.byte	-128
 1135 0452 70       		.byte	112
 1136 0453 01       		.byte	1
 1137 0454 80       		.byte	-128
 1138 0455 01       		.byte	1
 1139 0456 81       		.byte	-127
 1140 0457 11       		.byte	17
ARM GAS  C:\Users\Giovanni\AppData\Local\Temp\ccyzttq0.s 			page 21


 1141 0458 8E       		.byte	-114
 1142 0459 80       		.byte	-128
 1143 045a 8F       		.byte	-113
 1144 045b 04       		.byte	4
 1145 045c 9B       		.byte	-101
 1146 045d 04       		.byte	4
 1147 045e A1       		.byte	-95
 1148 045f 01       		.byte	1
 1149 0460 A5       		.byte	-91
 1150 0461 10       		.byte	16
 1151 0462 AB       		.byte	-85
 1152 0463 20       		.byte	32
 1153 0464 B0       		.byte	-80
 1154 0465 10       		.byte	16
 1155 0466 C4       		.byte	-60
 1156 0467 08       		.byte	8
 1157 0468 DC       		.byte	-36
 1158 0469 01       		.byte	1
 1159 046a E2       		.byte	-30
 1160 046b 02       		.byte	2
 1161 046c E6       		.byte	-26
 1162 046d 08       		.byte	8
 1163 046e E8       		.byte	-24
 1164 046f 04       		.byte	4
 1165 0470 00       		.byte	0
 1166 0471 03       		.byte	3
 1167 0472 0C       		.byte	12
 1168 0473 03       		.byte	3
 1169 0474 10       		.byte	16
 1170 0475 03       		.byte	3
 1171 0476 1C       		.byte	28
 1172 0477 03       		.byte	3
 1173 0478 00       		.byte	0
 1174 0479 03       		.byte	3
 1175 047a 03       		.byte	3
 1176 047b C0       		.byte	-64
 1177 047c 02       		.byte	2
 1178 047d 80       		.byte	-128
 1179 047e 00       		.byte	0
 1180 047f 00       		.byte	0
 1181 0480 43       		.byte	67
 1182 0481 00       		.byte	0
 1183 0482 00       		.byte	0
 1184 0483 00       		.byte	0
 1185 0484 00       		.byte	0
 1186 0485 02       		.byte	2
 1187 0486 02       		.byte	2
 1188 0487 00       		.byte	0
 1189 0488 02       		.byte	2
 1190 0489 00       		.byte	0
 1191 048a 00       		.byte	0
 1192 048b 00       		.byte	0
 1193 048c 83       		.byte	-125
 1194 048d 00       		.byte	0
 1195 048e 40       		.byte	64
 1196 048f 80       		.byte	-128
 1197 0490 83       		.byte	-125
ARM GAS  C:\Users\Giovanni\AppData\Local\Temp\ccyzttq0.s 			page 22


 1198 0491 00       		.byte	0
 1199 0492 83       		.byte	-125
 1200 0493 00       		.byte	0
 1201 0494 00       		.byte	0
 1202 0495 00       		.byte	0
 1203 0496 00       		.byte	0
 1204 0497 00       		.byte	0
 1205 0498 00       		.byte	0
 1206 0499 38       		.byte	56
 1207 049a 38       		.byte	56
 1208 049b 00       		.byte	0
 1209 049c 00       		.byte	0
 1210 049d 00       		.byte	0
 1211 049e 00       		.byte	0
 1212 049f 00       		.byte	0
 1213 04a0 00       		.byte	0
 1214 04a1 0B       		.byte	11
 1215 04a2 0B       		.byte	11
 1216 04a3 00       		.byte	0
 1217 04a4 00       		.byte	0
 1218 04a5 00       		.byte	0
 1219 04a6 00       		.byte	0
 1220 04a7 00       		.byte	0
 1221 04a8 04       		.byte	4
 1222 04a9 00       		.byte	0
 1223 04aa 00       		.byte	0
 1224 04ab 00       		.byte	0
 1225 04ac 00       		.byte	0
 1226 04ad 00       		.byte	0
 1227 04ae 00       		.byte	0
 1228 04af 00       		.byte	0
 1229              		.section	.cywolatch,"a",%progbits
 1230              		.align	2
 1231              		.type	cy_meta_wonvl, %object
 1232              		.size	cy_meta_wonvl, 4
 1233              	cy_meta_wonvl:
 1234 0000 BC       		.byte	-68
 1235 0001 90       		.byte	-112
 1236 0002 AC       		.byte	-84
 1237 0003 AF       		.byte	-81
 1238              		.section	.cycustnvl,"a",%progbits
 1239              		.align	2
 1240              		.type	cy_meta_custnvl, %object
 1241              		.size	cy_meta_custnvl, 4
 1242              	cy_meta_custnvl:
 1243 0000 00       		.byte	0
 1244 0001 00       		.byte	0
 1245 0002 40       		.byte	64
 1246 0003 05       		.byte	5
 1247              		.section	.cymeta,"a",%progbits
 1248              		.align	2
 1249              		.type	cy_metadata, %object
 1250              		.size	cy_metadata, 12
 1251              	cy_metadata:
 1252 0000 00       		.byte	0
 1253 0001 01       		.byte	1
 1254 0002 2E       		.byte	46
ARM GAS  C:\Users\Giovanni\AppData\Local\Temp\ccyzttq0.s 			page 23


 1255 0003 16       		.byte	22
 1256 0004 10       		.byte	16
 1257 0005 69       		.byte	105
 1258 0006 00       		.byte	0
 1259 0007 01       		.byte	1
 1260 0008 00       		.byte	0
 1261 0009 00       		.byte	0
 1262 000a 00       		.byte	0
 1263 000b 00       		.byte	0
 1264              		.section	.cyflashprotect,"a",%progbits
 1265              		.align	2
 1266              		.type	cy_meta_flashprotect, %object
 1267              		.size	cy_meta_flashprotect, 256
 1268              	cy_meta_flashprotect:
 1269 0000 00000000 		.space	256
 1269      00000000 
 1269      00000000 
 1269      00000000 
 1269      00000000 
 1270              		.text
 1271              	.Letext0:
 1272              		.file 1 "d:\\programmi\\cypress\\psoc creator\\4.4\\psoc creator\\import\\gnu\\arm\\5.4.1\\arm-non
 1273              		.file 2 "d:\\programmi\\cypress\\psoc creator\\4.4\\psoc creator\\import\\gnu\\arm\\5.4.1\\arm-non
 1274              		.file 3 "Generated_Source\\PSoC5\\cymetadata.c"
 1275              		.section	.debug_info,"",%progbits
 1276              	.Ldebug_info0:
 1277 0000 32010000 		.4byte	0x132
 1278 0004 0400     		.2byte	0x4
 1279 0006 00000000 		.4byte	.Ldebug_abbrev0
 1280 000a 04       		.byte	0x4
 1281 000b 01       		.uleb128 0x1
 1282 000c 24000000 		.4byte	.LASF17
 1283 0010 0C       		.byte	0xc
 1284 0011 DF010000 		.4byte	.LASF18
 1285 0015 7E010000 		.4byte	.LASF19
 1286 0019 00000000 		.4byte	.Ldebug_line0
 1287 001d 02       		.uleb128 0x2
 1288 001e 01       		.byte	0x1
 1289 001f 06       		.byte	0x6
 1290 0020 72010000 		.4byte	.LASF0
 1291 0024 03       		.uleb128 0x3
 1292 0025 00000000 		.4byte	.LASF9
 1293 0029 01       		.byte	0x1
 1294 002a 1D       		.byte	0x1d
 1295 002b 2F000000 		.4byte	0x2f
 1296 002f 02       		.uleb128 0x2
 1297 0030 01       		.byte	0x1
 1298 0031 08       		.byte	0x8
 1299 0032 16000000 		.4byte	.LASF1
 1300 0036 02       		.uleb128 0x2
 1301 0037 02       		.byte	0x2
 1302 0038 05       		.byte	0x5
 1303 0039 5F010000 		.4byte	.LASF2
 1304 003d 02       		.uleb128 0x2
 1305 003e 02       		.byte	0x2
 1306 003f 07       		.byte	0x7
 1307 0040 C4000000 		.4byte	.LASF3
ARM GAS  C:\Users\Giovanni\AppData\Local\Temp\ccyzttq0.s 			page 24


 1308 0044 02       		.uleb128 0x2
 1309 0045 04       		.byte	0x4
 1310 0046 05       		.byte	0x5
 1311 0047 69010000 		.4byte	.LASF4
 1312 004b 02       		.uleb128 0x2
 1313 004c 04       		.byte	0x4
 1314 004d 07       		.byte	0x7
 1315 004e B2000000 		.4byte	.LASF5
 1316 0052 02       		.uleb128 0x2
 1317 0053 08       		.byte	0x8
 1318 0054 05       		.byte	0x5
 1319 0055 51010000 		.4byte	.LASF6
 1320 0059 02       		.uleb128 0x2
 1321 005a 08       		.byte	0x8
 1322 005b 07       		.byte	0x7
 1323 005c 06010000 		.4byte	.LASF7
 1324 0060 04       		.uleb128 0x4
 1325 0061 04       		.byte	0x4
 1326 0062 05       		.byte	0x5
 1327 0063 696E7400 		.ascii	"int\000"
 1328 0067 02       		.uleb128 0x2
 1329 0068 04       		.byte	0x4
 1330 0069 07       		.byte	0x7
 1331 006a F9000000 		.4byte	.LASF8
 1332 006e 03       		.uleb128 0x3
 1333 006f 1D010000 		.4byte	.LASF10
 1334 0073 02       		.byte	0x2
 1335 0074 18       		.byte	0x18
 1336 0075 24000000 		.4byte	0x24
 1337 0079 05       		.uleb128 0x5
 1338 007a 91000000 		.4byte	0x91
 1339 007e 8A000000 		.4byte	0x8a
 1340 0082 06       		.uleb128 0x6
 1341 0083 8A000000 		.4byte	0x8a
 1342 0087 AF04     		.2byte	0x4af
 1343 0089 00       		.byte	0
 1344 008a 02       		.uleb128 0x2
 1345 008b 04       		.byte	0x4
 1346 008c 07       		.byte	0x7
 1347 008d 48010000 		.4byte	.LASF11
 1348 0091 07       		.uleb128 0x7
 1349 0092 6E000000 		.4byte	0x6e
 1350 0096 08       		.uleb128 0x8
 1351 0097 E7000000 		.4byte	.LASF12
 1352 009b 03       		.byte	0x3
 1353 009c 1F       		.byte	0x1f
 1354 009d A7000000 		.4byte	0xa7
 1355 00a1 05       		.uleb128 0x5
 1356 00a2 03       		.byte	0x3
 1357 00a3 00000000 		.4byte	cy_meta_configecc
 1358 00a7 07       		.uleb128 0x7
 1359 00a8 79000000 		.4byte	0x79
 1360 00ac 05       		.uleb128 0x5
 1361 00ad 91000000 		.4byte	0x91
 1362 00b1 BC000000 		.4byte	0xbc
 1363 00b5 09       		.uleb128 0x9
 1364 00b6 8A000000 		.4byte	0x8a
ARM GAS  C:\Users\Giovanni\AppData\Local\Temp\ccyzttq0.s 			page 25


 1365 00ba 03       		.byte	0x3
 1366 00bb 00       		.byte	0
 1367 00bc 08       		.uleb128 0x8
 1368 00bd D7000000 		.4byte	.LASF13
 1369 00c1 03       		.byte	0x3
 1370 00c2 C2       		.byte	0xc2
 1371 00c3 CD000000 		.4byte	0xcd
 1372 00c7 05       		.uleb128 0x5
 1373 00c8 03       		.byte	0x3
 1374 00c9 00000000 		.4byte	cy_meta_custnvl
 1375 00cd 07       		.uleb128 0x7
 1376 00ce AC000000 		.4byte	0xac
 1377 00d2 08       		.uleb128 0x8
 1378 00d3 3A010000 		.4byte	.LASF14
 1379 00d7 03       		.byte	0x3
 1380 00d8 D0       		.byte	0xd0
 1381 00d9 E3000000 		.4byte	0xe3
 1382 00dd 05       		.uleb128 0x5
 1383 00de 03       		.byte	0x3
 1384 00df 00000000 		.4byte	cy_meta_wonvl
 1385 00e3 07       		.uleb128 0x7
 1386 00e4 AC000000 		.4byte	0xac
 1387 00e8 05       		.uleb128 0x5
 1388 00e9 91000000 		.4byte	0x91
 1389 00ed F8000000 		.4byte	0xf8
 1390 00f1 09       		.uleb128 0x9
 1391 00f2 8A000000 		.4byte	0x8a
 1392 00f6 FF       		.byte	0xff
 1393 00f7 00       		.byte	0
 1394 00f8 08       		.uleb128 0x8
 1395 00f9 25010000 		.4byte	.LASF15
 1396 00fd 03       		.byte	0x3
 1397 00fe DE       		.byte	0xde
 1398 00ff 09010000 		.4byte	0x109
 1399 0103 05       		.uleb128 0x5
 1400 0104 03       		.byte	0x3
 1401 0105 00000000 		.4byte	cy_meta_flashprotect
 1402 0109 07       		.uleb128 0x7
 1403 010a E8000000 		.4byte	0xe8
 1404 010e 05       		.uleb128 0x5
 1405 010f 91000000 		.4byte	0x91
 1406 0113 1E010000 		.4byte	0x11e
 1407 0117 09       		.uleb128 0x9
 1408 0118 8A000000 		.4byte	0x8a
 1409 011c 0B       		.byte	0xb
 1410 011d 00       		.byte	0
 1411 011e 0A       		.uleb128 0xa
 1412 011f 0A000000 		.4byte	.LASF16
 1413 0123 03       		.byte	0x3
 1414 0124 0B01     		.2byte	0x10b
 1415 0126 30010000 		.4byte	0x130
 1416 012a 05       		.uleb128 0x5
 1417 012b 03       		.byte	0x3
 1418 012c 00000000 		.4byte	cy_metadata
 1419 0130 07       		.uleb128 0x7
 1420 0131 0E010000 		.4byte	0x10e
 1421 0135 00       		.byte	0
ARM GAS  C:\Users\Giovanni\AppData\Local\Temp\ccyzttq0.s 			page 26


 1422              		.section	.debug_abbrev,"",%progbits
 1423              	.Ldebug_abbrev0:
 1424 0000 01       		.uleb128 0x1
 1425 0001 11       		.uleb128 0x11
 1426 0002 01       		.byte	0x1
 1427 0003 25       		.uleb128 0x25
 1428 0004 0E       		.uleb128 0xe
 1429 0005 13       		.uleb128 0x13
 1430 0006 0B       		.uleb128 0xb
 1431 0007 03       		.uleb128 0x3
 1432 0008 0E       		.uleb128 0xe
 1433 0009 1B       		.uleb128 0x1b
 1434 000a 0E       		.uleb128 0xe
 1435 000b 10       		.uleb128 0x10
 1436 000c 17       		.uleb128 0x17
 1437 000d 00       		.byte	0
 1438 000e 00       		.byte	0
 1439 000f 02       		.uleb128 0x2
 1440 0010 24       		.uleb128 0x24
 1441 0011 00       		.byte	0
 1442 0012 0B       		.uleb128 0xb
 1443 0013 0B       		.uleb128 0xb
 1444 0014 3E       		.uleb128 0x3e
 1445 0015 0B       		.uleb128 0xb
 1446 0016 03       		.uleb128 0x3
 1447 0017 0E       		.uleb128 0xe
 1448 0018 00       		.byte	0
 1449 0019 00       		.byte	0
 1450 001a 03       		.uleb128 0x3
 1451 001b 16       		.uleb128 0x16
 1452 001c 00       		.byte	0
 1453 001d 03       		.uleb128 0x3
 1454 001e 0E       		.uleb128 0xe
 1455 001f 3A       		.uleb128 0x3a
 1456 0020 0B       		.uleb128 0xb
 1457 0021 3B       		.uleb128 0x3b
 1458 0022 0B       		.uleb128 0xb
 1459 0023 49       		.uleb128 0x49
 1460 0024 13       		.uleb128 0x13
 1461 0025 00       		.byte	0
 1462 0026 00       		.byte	0
 1463 0027 04       		.uleb128 0x4
 1464 0028 24       		.uleb128 0x24
 1465 0029 00       		.byte	0
 1466 002a 0B       		.uleb128 0xb
 1467 002b 0B       		.uleb128 0xb
 1468 002c 3E       		.uleb128 0x3e
 1469 002d 0B       		.uleb128 0xb
 1470 002e 03       		.uleb128 0x3
 1471 002f 08       		.uleb128 0x8
 1472 0030 00       		.byte	0
 1473 0031 00       		.byte	0
 1474 0032 05       		.uleb128 0x5
 1475 0033 01       		.uleb128 0x1
 1476 0034 01       		.byte	0x1
 1477 0035 49       		.uleb128 0x49
 1478 0036 13       		.uleb128 0x13
ARM GAS  C:\Users\Giovanni\AppData\Local\Temp\ccyzttq0.s 			page 27


 1479 0037 01       		.uleb128 0x1
 1480 0038 13       		.uleb128 0x13
 1481 0039 00       		.byte	0
 1482 003a 00       		.byte	0
 1483 003b 06       		.uleb128 0x6
 1484 003c 21       		.uleb128 0x21
 1485 003d 00       		.byte	0
 1486 003e 49       		.uleb128 0x49
 1487 003f 13       		.uleb128 0x13
 1488 0040 2F       		.uleb128 0x2f
 1489 0041 05       		.uleb128 0x5
 1490 0042 00       		.byte	0
 1491 0043 00       		.byte	0
 1492 0044 07       		.uleb128 0x7
 1493 0045 26       		.uleb128 0x26
 1494 0046 00       		.byte	0
 1495 0047 49       		.uleb128 0x49
 1496 0048 13       		.uleb128 0x13
 1497 0049 00       		.byte	0
 1498 004a 00       		.byte	0
 1499 004b 08       		.uleb128 0x8
 1500 004c 34       		.uleb128 0x34
 1501 004d 00       		.byte	0
 1502 004e 03       		.uleb128 0x3
 1503 004f 0E       		.uleb128 0xe
 1504 0050 3A       		.uleb128 0x3a
 1505 0051 0B       		.uleb128 0xb
 1506 0052 3B       		.uleb128 0x3b
 1507 0053 0B       		.uleb128 0xb
 1508 0054 49       		.uleb128 0x49
 1509 0055 13       		.uleb128 0x13
 1510 0056 3F       		.uleb128 0x3f
 1511 0057 19       		.uleb128 0x19
 1512 0058 02       		.uleb128 0x2
 1513 0059 18       		.uleb128 0x18
 1514 005a 00       		.byte	0
 1515 005b 00       		.byte	0
 1516 005c 09       		.uleb128 0x9
 1517 005d 21       		.uleb128 0x21
 1518 005e 00       		.byte	0
 1519 005f 49       		.uleb128 0x49
 1520 0060 13       		.uleb128 0x13
 1521 0061 2F       		.uleb128 0x2f
 1522 0062 0B       		.uleb128 0xb
 1523 0063 00       		.byte	0
 1524 0064 00       		.byte	0
 1525 0065 0A       		.uleb128 0xa
 1526 0066 34       		.uleb128 0x34
 1527 0067 00       		.byte	0
 1528 0068 03       		.uleb128 0x3
 1529 0069 0E       		.uleb128 0xe
 1530 006a 3A       		.uleb128 0x3a
 1531 006b 0B       		.uleb128 0xb
 1532 006c 3B       		.uleb128 0x3b
 1533 006d 05       		.uleb128 0x5
 1534 006e 49       		.uleb128 0x49
 1535 006f 13       		.uleb128 0x13
ARM GAS  C:\Users\Giovanni\AppData\Local\Temp\ccyzttq0.s 			page 28


 1536 0070 3F       		.uleb128 0x3f
 1537 0071 19       		.uleb128 0x19
 1538 0072 02       		.uleb128 0x2
 1539 0073 18       		.uleb128 0x18
 1540 0074 00       		.byte	0
 1541 0075 00       		.byte	0
 1542 0076 00       		.byte	0
 1543              		.section	.debug_aranges,"",%progbits
 1544 0000 14000000 		.4byte	0x14
 1545 0004 0200     		.2byte	0x2
 1546 0006 00000000 		.4byte	.Ldebug_info0
 1547 000a 04       		.byte	0x4
 1548 000b 00       		.byte	0
 1549 000c 0000     		.2byte	0
 1550 000e 0000     		.2byte	0
 1551 0010 00000000 		.4byte	0
 1552 0014 00000000 		.4byte	0
 1553              		.section	.debug_line,"",%progbits
 1554              	.Ldebug_line0:
 1555 0000 29010000 		.section	.debug_str,"MS",%progbits,1
 1555      02002301 
 1555      00000201 
 1555      FB0E0D00 
 1555      01010101 
 1556              	.LASF9:
 1557 0000 5F5F7569 		.ascii	"__uint8_t\000"
 1557      6E74385F 
 1557      7400
 1558              	.LASF16:
 1559 000a 63795F6D 		.ascii	"cy_metadata\000"
 1559      65746164 
 1559      61746100 
 1560              	.LASF1:
 1561 0016 756E7369 		.ascii	"unsigned char\000"
 1561      676E6564 
 1561      20636861 
 1561      7200
 1562              	.LASF17:
 1563 0024 474E5520 		.ascii	"GNU C11 5.4.1 20160609 (release) [ARM/embedded-5-br"
 1563      43313120 
 1563      352E342E 
 1563      31203230 
 1563      31363036 
 1564 0057 616E6368 		.ascii	"anch revision 237715] -mcpu=cortex-m3 -mthumb -g -O"
 1564      20726576 
 1564      6973696F 
 1564      6E203233 
 1564      37373135 
 1565 008a 67202D66 		.ascii	"g -ffunction-sections -ffat-lto-objects\000"
 1565      66756E63 
 1565      74696F6E 
 1565      2D736563 
 1565      74696F6E 
 1566              	.LASF5:
 1567 00b2 6C6F6E67 		.ascii	"long unsigned int\000"
 1567      20756E73 
 1567      69676E65 
ARM GAS  C:\Users\Giovanni\AppData\Local\Temp\ccyzttq0.s 			page 29


 1567      6420696E 
 1567      7400
 1568              	.LASF3:
 1569 00c4 73686F72 		.ascii	"short unsigned int\000"
 1569      7420756E 
 1569      7369676E 
 1569      65642069 
 1569      6E7400
 1570              	.LASF13:
 1571 00d7 63795F6D 		.ascii	"cy_meta_custnvl\000"
 1571      6574615F 
 1571      63757374 
 1571      6E766C00 
 1572              	.LASF12:
 1573 00e7 63795F6D 		.ascii	"cy_meta_configecc\000"
 1573      6574615F 
 1573      636F6E66 
 1573      69676563 
 1573      6300
 1574              	.LASF8:
 1575 00f9 756E7369 		.ascii	"unsigned int\000"
 1575      676E6564 
 1575      20696E74 
 1575      00
 1576              	.LASF7:
 1577 0106 6C6F6E67 		.ascii	"long long unsigned int\000"
 1577      206C6F6E 
 1577      6720756E 
 1577      7369676E 
 1577      65642069 
 1578              	.LASF10:
 1579 011d 75696E74 		.ascii	"uint8_t\000"
 1579      385F7400 
 1580              	.LASF15:
 1581 0125 63795F6D 		.ascii	"cy_meta_flashprotect\000"
 1581      6574615F 
 1581      666C6173 
 1581      6870726F 
 1581      74656374 
 1582              	.LASF14:
 1583 013a 63795F6D 		.ascii	"cy_meta_wonvl\000"
 1583      6574615F 
 1583      776F6E76 
 1583      6C00
 1584              	.LASF11:
 1585 0148 73697A65 		.ascii	"sizetype\000"
 1585      74797065 
 1585      00
 1586              	.LASF6:
 1587 0151 6C6F6E67 		.ascii	"long long int\000"
 1587      206C6F6E 
 1587      6720696E 
 1587      7400
 1588              	.LASF2:
 1589 015f 73686F72 		.ascii	"short int\000"
 1589      7420696E 
 1589      7400
ARM GAS  C:\Users\Giovanni\AppData\Local\Temp\ccyzttq0.s 			page 30


 1590              	.LASF4:
 1591 0169 6C6F6E67 		.ascii	"long int\000"
 1591      20696E74 
 1591      00
 1592              	.LASF0:
 1593 0172 7369676E 		.ascii	"signed char\000"
 1593      65642063 
 1593      68617200 
 1594              	.LASF19:
 1595 017e 433A5C55 		.ascii	"C:\\Users\\Giovanni\\Desktop\\AY2324_II_Project-1\\"
 1595      73657273 
 1595      5C47696F 
 1595      76616E6E 
 1595      695C4465 
 1596 01ac 50536F43 		.ascii	"PSoC_CODE\\GatheringData\\06-Read_ACC_Data_BCP.cyds"
 1596      5F434F44 
 1596      455C4761 
 1596      74686572 
 1596      696E6744 
 1597 01dd 6E00     		.ascii	"n\000"
 1598              	.LASF18:
 1599 01df 47656E65 		.ascii	"Generated_Source\\PSoC5\\cymetadata.c\000"
 1599      72617465 
 1599      645F536F 
 1599      75726365 
 1599      5C50536F 
 1600              		.ident	"GCC: (GNU Tools for ARM Embedded Processors) 5.4.1 20160609 (release) [ARM/embedded-5-bran
